#
# A fatal error has been detected by the Java Runtime Environment:
#
#  Internal Error (relocInfo_x86.cpp:106), pid=16376, tid=16484
#  Error: ShouldNotReachHere()
#
# JRE version: Java(TM) SE Runtime Environment (18.0.2.1+1) (build 18.0.2.1+1-1)
# Java VM: Java HotSpot(TM) 64-Bit Server VM (18.0.2.1+1-1, mixed mode, sharing, tiered, compressed oops, compressed class ptrs, g1 gc, windows-amd64)
# No core dump will be written. Minidumps are not enabled by default on client versions of Windows
#
# If you would like to submit a bug report, please visit:
#   https://bugreport.java.com/bugreport/crash.jsp
#

---------------  S U M M A R Y ------------

Command Line: -Dfile.encoding=UTF-8 -Dstdout.encoding=UTF-8 -Dstderr.encoding=UTF-8 -XX:+ShowCodeDetailsInExceptionMessages com.cdac.oralcaremanagement.OralCareManagementApplication

Host: 11th Gen Intel(R) Core(TM) i5-11320H @ 3.20GHz, 8 cores, 15G,  Windows 11 , 64 bit Build 22621 (10.0.22621.3085)
Time: Sun Feb 25 11:56:25 2024 India Standard Time elapsed time: 4.025200 seconds (0d 0h 0m 4s)

---------------  T H R E A D  ---------------

Current thread (0x000002357fb10a10):  JavaThread "C1 CompilerThread0" daemon [_thread_in_vm, id=16484, stack(0x000000f8d7500000,0x000000f8d7600000)]


Current CompileTask:
C1:   4025 5577       3       java.lang.reflect.Method::invoke (108 bytes)

Stack: [0x000000f8d7500000,0x000000f8d7600000]
Native frames: (J=compiled Java code, j=interpreted, Vv=VM code, C=native code)
V  [jvm.dll+0x6993aa]
V  [jvm.dll+0x7f46dd]
V  [jvm.dll+0x7f5fee]
V  [jvm.dll+0x7f6657]
V  [jvm.dll+0x25ce7a]
V  [jvm.dll+0x25cdb3]
V  [jvm.dll+0x6e9314]
V  [jvm.dll+0x6e7a45]
V  [jvm.dll+0x218f56]
V  [jvm.dll+0x217626]
V  [jvm.dll+0x66f604]
V  [jvm.dll+0x6725f4]
V  [jvm.dll+0x1dd34d]
V  [jvm.dll+0x148bf1]
V  [jvm.dll+0x147f9a]
V  [jvm.dll+0x149c81]
V  [jvm.dll+0x23ee0a]
V  [jvm.dll+0x23d0f5]
V  [jvm.dll+0x7a6dd1]
V  [jvm.dll+0x7a120a]
V  [jvm.dll+0x698255]
C  [ucrtbase.dll+0x29363]
C  [KERNEL32.DLL+0x1257d]
C  [ntdll.dll+0x5aa58]


---------------  P R O C E S S  ---------------

Threads class SMR info:
_java_thread_list=0x000002350d8e6860, length=22, elements={
0x0000023562d70440, 0x000002357fadf330, 0x000002357fadfcd0, 0x000002357fafc550,
0x000002357fafcef0, 0x000002357faff8a0, 0x000002357fb08250, 0x000002357fb0ab80,
0x000002357fb10a10, 0x000002357fb23c30, 0x000002350a1d6ab0, 0x000002350a1e1e10,
0x000002350a91c380, 0x000002350acdf020, 0x000002350ceedf10, 0x000002350bfeb660,
0x000002350b41e750, 0x000002350b41ca70, 0x000002350b41cf40, 0x000002350b41d410,
0x000002357fb10f20, 0x000002357fb0dc80
}

Java Threads: ( => current thread )
  0x0000023562d70440 JavaThread "main" [_thread_blocked, id=18332, stack(0x000000f8d6700000,0x000000f8d6800000)]
  0x000002357fadf330 JavaThread "Reference Handler" daemon [_thread_blocked, id=10564, stack(0x000000f8d6e00000,0x000000f8d6f00000)]
  0x000002357fadfcd0 JavaThread "Finalizer" daemon [_thread_blocked, id=864, stack(0x000000f8d6f00000,0x000000f8d7000000)]
  0x000002357fafc550 JavaThread "Signal Dispatcher" daemon [_thread_blocked, id=9792, stack(0x000000f8d7000000,0x000000f8d7100000)]
  0x000002357fafcef0 JavaThread "Attach Listener" daemon [_thread_blocked, id=16768, stack(0x000000f8d7100000,0x000000f8d7200000)]
  0x000002357faff8a0 JavaThread "Service Thread" daemon [_thread_blocked, id=14872, stack(0x000000f8d7200000,0x000000f8d7300000)]
  0x000002357fb08250 JavaThread "Monitor Deflation Thread" daemon [_thread_blocked, id=12496, stack(0x000000f8d7300000,0x000000f8d7400000)]
  0x000002357fb0ab80 JavaThread "C2 CompilerThread0" daemon [_thread_in_native, id=2516, stack(0x000000f8d7400000,0x000000f8d7500000)]
=>0x000002357fb10a10 JavaThread "C1 CompilerThread0" daemon [_thread_in_vm, id=16484, stack(0x000000f8d7500000,0x000000f8d7600000)]
  0x000002357fb23c30 JavaThread "Sweeper thread" daemon [_thread_blocked, id=18076, stack(0x000000f8d7600000,0x000000f8d7700000)]
  0x000002350a1d6ab0 JavaThread "Notification Thread" daemon [_thread_blocked, id=13224, stack(0x000000f8d7700000,0x000000f8d7800000)]
  0x000002350a1e1e10 JavaThread "Common-Cleaner" daemon [_thread_blocked, id=16256, stack(0x000000f8d7900000,0x000000f8d7a00000)]
  0x000002350a91c380 JavaThread "Thread-0" [_thread_blocked, id=13732, stack(0x000000f8d7b00000,0x000000f8d7c00000)]
  0x000002350acdf020 JavaThread "restartedMain" [_thread_blocked, id=7796, stack(0x000000f8d7c00000,0x000000f8d7d00000)]
  0x000002350ceedf10 JavaThread "Catalina-utility-1" [_thread_blocked, id=16436, stack(0x000000f8d8600000,0x000000f8d8700000)]
  0x000002350bfeb660 JavaThread "Catalina-utility-2" [_thread_blocked, id=14948, stack(0x000000f8d8700000,0x000000f8d8800000)]
  0x000002350b41e750 JavaThread "container-0" [_thread_blocked, id=17360, stack(0x000000f8d8800000,0x000000f8d8900000)]
  0x000002350b41ca70 JavaThread "mysql-cj-abandoned-connection-cleanup" daemon [_thread_blocked, id=14132, stack(0x000000f8d8900000,0x000000f8d8a00000)]
  0x000002350b41cf40 JavaThread "HikariPool-1 housekeeper" daemon [_thread_blocked, id=18384, stack(0x000000f8d8b00000,0x000000f8d8c00000)]
  0x000002350b41d410 JavaThread "HikariPool-1 connection adder" daemon [_thread_blocked, id=3824, stack(0x000000f8d8c00000,0x000000f8d8d00000)]
  0x000002357fb10f20 JavaThread "C2 CompilerThread1" daemon [_thread_in_native, id=6160, stack(0x000000f8d7a00000,0x000000f8d7b00000)]
  0x000002357fb0dc80 JavaThread "C2 CompilerThread2" daemon [_thread_in_native, id=14532, stack(0x000000f8d8500000,0x000000f8d8600000)]

Other Threads:
  0x0000023562e09ac0 VMThread "VM Thread" [stack: 0x000000f8d6d00000,0x000000f8d6e00000] [id=4360]
  0x000002350a1dc1b0 WatcherThread "VM Periodic Task Thread" [stack: 0x000000f8d7800000,0x000000f8d7900000] [id=15684]
  0x0000023562de4ad0 WorkerThread "GC Thread#0" [stack: 0x000000f8d6800000,0x000000f8d6900000] [id=17812]
  0x000002350ae59c90 WorkerThread "GC Thread#1" [stack: 0x000000f8d7d00000,0x000000f8d7e00000] [id=14196]
  0x000002350ae5a340 WorkerThread "GC Thread#2" [stack: 0x000000f8d7e00000,0x000000f8d7f00000] [id=9504]
  0x000002350ae768a0 WorkerThread "GC Thread#3" [stack: 0x000000f8d7f00000,0x000000f8d8000000] [id=17972]
  0x000002350ae76b40 WorkerThread "GC Thread#4" [stack: 0x000000f8d8000000,0x000000f8d8100000] [id=8480]
  0x000002350ae76de0 WorkerThread "GC Thread#5" [stack: 0x000000f8d8100000,0x000000f8d8200000] [id=18312]
  0x000002350b1101b0 WorkerThread "GC Thread#6" [stack: 0x000000f8d8300000,0x000000f8d8400000] [id=4212]
  0x000002350b110450 WorkerThread "GC Thread#7" [stack: 0x000000f8d8400000,0x000000f8d8500000] [id=16864]
  0x0000023562df5590 ConcurrentGCThread "G1 Main Marker" [stack: 0x000000f8d6900000,0x000000f8d6a00000] [id=18424]
  0x0000023562df5e80 WorkerThread "G1 Conc#0" [stack: 0x000000f8d6a00000,0x000000f8d6b00000] [id=16760]
  0x000002350b726ab0 WorkerThread "G1 Conc#1" [stack: 0x000000f8d8200000,0x000000f8d8300000] [id=16544]
  0x000002357f999e90 ConcurrentGCThread "G1 Refine#0" [stack: 0x000000f8d6b00000,0x000000f8d6c00000] [id=17236]
  0x000002357f99a6b0 ConcurrentGCThread "G1 Service" [stack: 0x000000f8d6c00000,0x000000f8d6d00000] [id=15408]

Threads with active compile tasks:
C2 CompilerThread0     4038 5230       4       org.springframework.core.annotation.AnnotationsScanner::scan (21 bytes)
C1 CompilerThread0     4038 5577       3       java.lang.reflect.Method::invoke (108 bytes)
C2 CompilerThread1     4038 5569       4       org.springframework.core.annotation.TypeMappedAnnotations::get (52 bytes)
C2 CompilerThread2     4038 5231       4       org.springframework.core.annotation.AnnotationsScanner::process (55 bytes)

VM state: not at safepoint (normal execution)

VM Mutex/Monitor currently owned by a thread:  ([mutex/lock_event])
[0x0000023562d6ae90] MethodCompileQueue_lock - owner thread: 0x000002357fb10a10
[0x0000023562d6b280] CodeCache_lock - owner thread: 0x000002357fb10a10
[0x0000023562d6af20] Compile_lock - owner thread: 0x000002357fb10a10

Heap address: 0x0000000703600000, size: 4042 MB, Compressed Oops mode: Zero based, Oop shift amount: 3

CDS archive(s) mapped at: [0x0000000800000000-0x0000000800ba0000-0x0000000800ba0000), size 12189696, SharedBaseAddress: 0x0000000800000000, ArchiveRelocationMode: 0.
Compressed class space mapped at: 0x0000000800c00000-0x0000000840c00000, reserved size: 1073741824
Narrow klass base: 0x0000000800000000, Narrow klass shift: 0, Narrow klass range: 0x100000000

GC Precious Log:
 CardTable entry size: 512
 Card Set container configuration: InlinePtr #cards 4 size 8 Array Of Cards #cards 16 size 48 Howl #buckets 8 coarsen threshold 3686 Howl Bitmap #cards 512 size 80 coarsen threshold 460 Card regions per heap region 1 cards per card region 4096
 CPUs: 8 total, 8 available
 Memory: 16166M
 Large Page Support: Disabled
 NUMA Support: Disabled
 Compressed Oops: Enabled (Zero based)
 Heap Region Size: 2M
 Heap Min Capacity: 8M
 Heap Initial Capacity: 254M
 Heap Max Capacity: 4042M
 Pre-touch: Disabled
 Parallel Workers: 8
 Concurrent Workers: 2
 Concurrent Refinement Workers: 8
 Periodic GC: Disabled

Heap:
 garbage-first heap   total 67584K, used 31008K [0x0000000703600000, 0x0000000800000000)
  region size 2048K, 6 young (12288K), 2 survivors (4096K)
 Metaspace       used 57560K, committed 58176K, reserved 1114112K
  class space    used 7620K, committed 7872K, reserved 1048576K

Heap Regions: E=young(eden), S=young(survivor), O=old, HS=humongous(starts), HC=humongous(continues), CS=collection set, F=free, OA=open archive, CA=closed archive, TAMS=top-at-mark-start (previous, next)
|   0|0x0000000703600000, 0x0000000703800000, 0x0000000703800000|100%| O|  |TAMS 0x0000000703800000, 0x0000000703600000| Untracked 
|   1|0x0000000703800000, 0x0000000703a00000, 0x0000000703a00000|100%| O|  |TAMS 0x0000000703a00000, 0x0000000703800000| Untracked 
|   2|0x0000000703a00000, 0x0000000703be3800, 0x0000000703c00000| 94%| O|  |TAMS 0x0000000703be3800, 0x0000000703a00000| Untracked 
|   3|0x0000000703c00000, 0x0000000703e00000, 0x0000000703e00000|100%| O|  |TAMS 0x0000000703e00000, 0x0000000703c00000| Untracked 
|   4|0x0000000703e00000, 0x0000000704000000, 0x0000000704000000|100%| O|  |TAMS 0x0000000704000000, 0x0000000703e00000| Untracked 
|   5|0x0000000704000000, 0x0000000704200000, 0x0000000704200000|100%| O|  |TAMS 0x0000000704200000, 0x0000000704000000| Untracked 
|   6|0x0000000704200000, 0x0000000704400000, 0x0000000704400000|100%| O|  |TAMS 0x0000000704400000, 0x0000000704200000| Untracked 
|   7|0x0000000704400000, 0x0000000704600000, 0x0000000704600000|100%| O|  |TAMS 0x0000000704600000, 0x0000000704400000| Untracked 
|   8|0x0000000704600000, 0x0000000704800000, 0x0000000704800000|100%| O|  |TAMS 0x000000070460d400, 0x0000000704600000| Untracked 
|   9|0x0000000704800000, 0x0000000704a00000, 0x0000000704a00000|100%| O|  |TAMS 0x0000000704800000, 0x0000000704800000| Untracked 
|  10|0x0000000704a00000, 0x0000000704b50e00, 0x0000000704c00000| 65%| O|  |TAMS 0x0000000704a00000, 0x0000000704a00000| Untracked 
|  11|0x0000000704c00000, 0x0000000704c00000, 0x0000000704e00000|  0%| F|  |TAMS 0x0000000704c00000, 0x0000000704c00000| Untracked 
|  12|0x0000000704e00000, 0x0000000704e00000, 0x0000000705000000|  0%| F|  |TAMS 0x0000000704e00000, 0x0000000704e00000| Untracked 
|  13|0x0000000705000000, 0x0000000705000000, 0x0000000705200000|  0%| F|  |TAMS 0x0000000705000000, 0x0000000705000000| Untracked 
|  14|0x0000000705200000, 0x0000000705200000, 0x0000000705400000|  0%| F|  |TAMS 0x0000000705200000, 0x0000000705200000| Untracked 
|  15|0x0000000705400000, 0x0000000705400000, 0x0000000705600000|  0%| F|  |TAMS 0x0000000705400000, 0x0000000705400000| Untracked 
|  16|0x0000000705600000, 0x0000000705600000, 0x0000000705800000|  0%| F|  |TAMS 0x0000000705600000, 0x0000000705600000| Untracked 
|  17|0x0000000705800000, 0x0000000705800000, 0x0000000705a00000|  0%| F|  |TAMS 0x0000000705800000, 0x0000000705800000| Untracked 
|  18|0x0000000705a00000, 0x0000000705a00000, 0x0000000705c00000|  0%| F|  |TAMS 0x0000000705a00000, 0x0000000705a00000| Untracked 
|  19|0x0000000705c00000, 0x0000000705d13c90, 0x0000000705e00000| 53%| S|CS|TAMS 0x0000000705c00000, 0x0000000705c00000| Complete 
|  20|0x0000000705e00000, 0x0000000706000000, 0x0000000706000000|100%| S|CS|TAMS 0x0000000705e00000, 0x0000000705e00000| Complete 
|  21|0x0000000706000000, 0x0000000706000000, 0x0000000706200000|  0%| F|  |TAMS 0x0000000706000000, 0x0000000706000000| Untracked 
|  22|0x0000000706200000, 0x0000000706200000, 0x0000000706400000|  0%| F|  |TAMS 0x0000000706200000, 0x0000000706200000| Untracked 
|  23|0x0000000706400000, 0x0000000706400000, 0x0000000706600000|  0%| F|  |TAMS 0x0000000706400000, 0x0000000706400000| Untracked 
|  24|0x0000000706600000, 0x0000000706600000, 0x0000000706800000|  0%| F|  |TAMS 0x0000000706600000, 0x0000000706600000| Untracked 
|  25|0x0000000706800000, 0x0000000706800000, 0x0000000706a00000|  0%| F|  |TAMS 0x0000000706800000, 0x0000000706800000| Untracked 
|  26|0x0000000706a00000, 0x0000000706a00000, 0x0000000706c00000|  0%| F|  |TAMS 0x0000000706a00000, 0x0000000706a00000| Untracked 
|  27|0x0000000706c00000, 0x0000000706c00000, 0x0000000706e00000|  0%| F|  |TAMS 0x0000000706c00000, 0x0000000706c00000| Untracked 
|  91|0x000000070ec00000, 0x000000070ec00000, 0x000000070ee00000|  0%| F|  |TAMS 0x000000070ec00000, 0x000000070ec00000| Untracked 
|  92|0x000000070ee00000, 0x000000070ee745b8, 0x000000070f000000| 22%| E|  |TAMS 0x000000070ee00000, 0x000000070ee00000| Complete 
|  93|0x000000070f000000, 0x000000070f200000, 0x000000070f200000|100%| E|CS|TAMS 0x000000070f000000, 0x000000070f000000| Complete 
|  94|0x000000070f200000, 0x000000070f400000, 0x000000070f400000|100%| E|CS|TAMS 0x000000070f200000, 0x000000070f200000| Complete 
| 126|0x0000000713200000, 0x0000000713400000, 0x0000000713400000|100%| E|CS|TAMS 0x0000000713200000, 0x0000000713200000| Complete 

Card table byte_map: [0x000002357a1b0000,0x000002357a9a0000] _byte_map_base: 0x0000023576995000

Marking Bits (Prev, Next): (CMBitMap*) 0x0000023562de4fd0, (CMBitMap*) 0x0000023562de5010
 Prev Bits: [0x000002357b190000, 0x000002357f0b8000)
 Next Bits: [0x0000023500000000, 0x0000023503f28000)

Polling page: 0x0000023560d00000

Metaspace:

Usage:
  Non-class:     48.77 MB used.
      Class:      7.44 MB used.
       Both:     56.21 MB used.

Virtual space:
  Non-class space:       64.00 MB reserved,      49.12 MB ( 77%) committed,  1 nodes.
      Class space:        1.00 GB reserved,       7.69 MB ( <1%) committed,  1 nodes.
             Both:        1.06 GB reserved,      56.81 MB (  5%) committed. 

Chunk freelists:
   Non-Class:  2.59 MB
       Class:  333.00 KB
        Both:  2.92 MB

MaxMetaspaceSize: unlimited
CompressedClassSpaceSize: 1.00 GB
Initial GC threshold: 21.00 MB
Current GC threshold: 58.75 MB
CDS: on
MetaspaceReclaimPolicy: balanced
 - commit_granule_bytes: 65536.
 - commit_granule_words: 8192.
 - virtual_space_node_default_size: 8388608.
 - enlarge_chunks_in_place: 1.
 - new_chunks_are_fully_committed: 0.
 - uncommit_free_chunks: 1.
 - use_allocation_guard: 0.


Internal statistics:

num_allocs_failed_limit: 6.
num_arena_births: 812.
num_arena_deaths: 0.
num_vsnodes_births: 2.
num_vsnodes_deaths: 0.
num_space_committed: 909.
num_space_uncommitted: 0.
num_chunks_returned_to_freelist: 6.
num_chunks_taken_from_freelist: 2875.
num_chunk_merges: 6.
num_chunk_splits: 2087.
num_chunks_enlarged: 1676.
num_inconsistent_stats: 0.

CodeHeap 'non-profiled nmethods': size=120000Kb used=2798Kb max_used=3046Kb free=117201Kb
 bounds [0x0000023572160000, 0x0000023572470000, 0x0000023579690000]
CodeHeap 'profiled nmethods': size=120000Kb used=9230Kb max_used=10923Kb free=110769Kb
 bounds [0x000002356ac30000, 0x000002356b6e0000, 0x0000023572160000]
CodeHeap 'non-nmethods': size=5760Kb used=1348Kb max_used=1436Kb free=4412Kb
 bounds [0x000002356a690000, 0x000002356a900000, 0x000002356ac30000]
 total_blobs=5411 nmethods=4754 adapters=568
 compilation: enabled
              stopped_count=0, restarted_count=0
 full_count=0

Compilation events (20 events):
Event: 4.006 Thread 0x000002357fb10f20 5530       4       java.util.Collections$SingletonList::spliterator (8 bytes)
Event: 4.006 Thread 0x000002357fb10f20 nmethod 5530 0x00000235721d4590 code [0x00000235721d4720, 0x00000235721d47f8]
Event: 4.006 Thread 0x000002357fb10f20 5535       4       org.springframework.data.repository.core.support.RepositoryComposition$$Lambda$1203/0x0000000801372e18::get (8 bytes)
Event: 4.009 Thread 0x000002357fb10a10 5570       1       org.springframework.web.context.support.GenericWebApplicationContext::getServletContext (5 bytes)
Event: 4.010 Thread 0x000002357fb10a10 nmethod 5570 0x0000023572300c10 code [0x0000023572300da0, 0x0000023572300e78]
Event: 4.012 Thread 0x000002357fb10f20 nmethod 5535 0x0000023572386d10 code [0x0000023572386ec0, 0x0000023572387798]
Event: 4.012 Thread 0x000002357fb10f20 5569       4       org.springframework.core.annotation.TypeMappedAnnotations::get (52 bytes)
Event: 4.013 Thread 0x000002357fb10a10 5571       1       org.springframework.context.annotation.CommonAnnotationBeanPostProcessor::postProcessBeforeInstantiation (2 bytes)
Event: 4.013 Thread 0x000002357fb10a10 nmethod 5571 0x0000023572386990 code [0x0000023572386b20, 0x0000023572386bf8]
Event: 4.013 Thread 0x000002357fb10a10 5572       3       java.lang.invoke.DelegatingMethodHandle$Holder::delegate (25 bytes)
Event: 4.014 Thread 0x000002357fb10a10 nmethod 5572 0x000002356b4e1010 code [0x000002356b4e11e0, 0x000002356b4e1788]
Event: 4.014 Thread 0x000002357fb10a10 5573       3       java.lang.invoke.StringConcatFactory::generateMHInlineCopy (622 bytes)
Event: 4.016 Thread 0x000002357fb10a10 nmethod 5573 0x000002356ad2d110 code [0x000002356ad2d7c0, 0x000002356ad31b98]
Event: 4.016 Thread 0x000002357fb10a10 5575       3       java.lang.ThreadLocal$ThreadLocalMap::set (133 bytes)
Event: 4.017 Thread 0x000002357fb10a10 nmethod 5575 0x000002356b376810 code [0x000002356b376aa0, 0x000002356b3777c8]
Event: 4.017 Thread 0x000002357fb10a10 5574   !   3       java.lang.invoke.StringConcatFactory::makeConcatWithConstants (251 bytes)
Event: 4.018 Thread 0x000002357fb10a10 nmethod 5574 0x000002356ad58510 code [0x000002356ad58a60, 0x000002356ad5b008]
Event: 4.018 Thread 0x000002357fb10a10 5576       3       org.springframework.aop.framework.autoproxy.ProxyCreationContext::setCurrentProxiedBeanName (21 bytes)
Event: 4.019 Thread 0x000002357fb10a10 nmethod 5576 0x000002356ad2c810 code [0x000002356ad2c9e0, 0x000002356ad2ce78]
Event: 4.020 Thread 0x000002357fb10a10 5577       3       java.lang.reflect.Method::invoke (108 bytes)

GC Heap History (20 events):
Event: 0.378 GC heap before
{Heap before GC invocations=0 (full 0):
 garbage-first heap   total 260096K, used 22528K [0x0000000703600000, 0x0000000800000000)
  region size 2048K, 11 young (22528K), 0 survivors (0K)
 Metaspace       used 4944K, committed 5120K, reserved 1114112K
  class space    used 554K, committed 640K, reserved 1048576K
}
Event: 0.381 GC heap after
{Heap after GC invocations=1 (full 0):
 garbage-first heap   total 260096K, used 6187K [0x0000000703600000, 0x0000000800000000)
  region size 2048K, 2 young (4096K), 2 survivors (4096K)
 Metaspace       used 4944K, committed 5120K, reserved 1114112K
  class space    used 554K, committed 640K, reserved 1048576K
}
Event: 0.649 GC heap before
{Heap before GC invocations=1 (full 0):
 garbage-first heap   total 260096K, used 30763K [0x0000000703600000, 0x0000000800000000)
  region size 2048K, 14 young (28672K), 2 survivors (4096K)
 Metaspace       used 11283K, committed 11520K, reserved 1114112K
  class space    used 1334K, committed 1472K, reserved 1048576K
}
Event: 0.653 GC heap after
{Heap after GC invocations=2 (full 0):
 garbage-first heap   total 260096K, used 8350K [0x0000000703600000, 0x0000000800000000)
  region size 2048K, 2 young (4096K), 2 survivors (4096K)
 Metaspace       used 11283K, committed 11520K, reserved 1114112K
  class space    used 1334K, committed 1472K, reserved 1048576K
}
Event: 1.399 GC heap before
{Heap before GC invocations=2 (full 0):
 garbage-first heap   total 260096K, used 67742K [0x0000000703600000, 0x0000000800000000)
  region size 2048K, 32 young (65536K), 2 survivors (4096K)
 Metaspace       used 21227K, committed 21504K, reserved 1114112K
  class space    used 2571K, committed 2752K, reserved 1048576K
}
Event: 1.404 GC heap after
{Heap after GC invocations=3 (full 0):
 garbage-first heap   total 260096K, used 13230K [0x0000000703600000, 0x0000000800000000)
  region size 2048K, 4 young (8192K), 4 survivors (8192K)
 Metaspace       used 21227K, committed 21504K, reserved 1114112K
  class space    used 2571K, committed 2752K, reserved 1048576K
}
Event: 2.086 GC heap before
{Heap before GC invocations=4 (full 0):
 garbage-first heap   total 55296K, used 54190K [0x0000000703600000, 0x0000000800000000)
  region size 2048K, 24 young (49152K), 4 survivors (8192K)
 Metaspace       used 28106K, committed 28608K, reserved 1114112K
  class space    used 3507K, committed 3712K, reserved 1048576K
}
Event: 2.092 GC heap after
{Heap after GC invocations=5 (full 0):
 garbage-first heap   total 67584K, used 16967K [0x0000000703600000, 0x0000000800000000)
  region size 2048K, 6 young (12288K), 6 survivors (12288K)
 Metaspace       used 28106K, committed 28608K, reserved 1114112K
  class space    used 3507K, committed 3712K, reserved 1048576K
}
Event: 2.402 GC heap before
{Heap before GC invocations=5 (full 0):
 garbage-first heap   total 67584K, used 43591K [0x0000000703600000, 0x0000000800000000)
  region size 2048K, 19 young (38912K), 6 survivors (12288K)
 Metaspace       used 33835K, committed 34304K, reserved 1114112K
  class space    used 4364K, committed 4608K, reserved 1048576K
}
Event: 2.410 GC heap after
{Heap after GC invocations=6 (full 0):
 garbage-first heap   total 67584K, used 18339K [0x0000000703600000, 0x0000000800000000)
  region size 2048K, 1 young (2048K), 1 survivors (2048K)
 Metaspace       used 33835K, committed 34304K, reserved 1114112K
  class space    used 4364K, committed 4608K, reserved 1048576K
}
Event: 2.471 GC heap before
{Heap before GC invocations=6 (full 0):
 garbage-first heap   total 67584K, used 22435K [0x0000000703600000, 0x0000000800000000)
  region size 2048K, 4 young (8192K), 1 survivors (2048K)
 Metaspace       used 35463K, committed 35968K, reserved 1114112K
  class space    used 4555K, committed 4800K, reserved 1048576K
}
Event: 2.474 GC heap after
{Heap after GC invocations=7 (full 0):
 garbage-first heap   total 67584K, used 18259K [0x0000000703600000, 0x0000000800000000)
  region size 2048K, 1 young (2048K), 1 survivors (2048K)
 Metaspace       used 35463K, committed 35968K, reserved 1114112K
  class space    used 4555K, committed 4800K, reserved 1048576K
}
Event: 2.914 GC heap before
{Heap before GC invocations=8 (full 0):
 garbage-first heap   total 67584K, used 46931K [0x0000000703600000, 0x0000000800000000)
  region size 2048K, 15 young (30720K), 1 survivors (2048K)
 Metaspace       used 44118K, committed 44672K, reserved 1114112K
  class space    used 5633K, committed 5888K, reserved 1048576K
}
Event: 2.918 GC heap after
{Heap after GC invocations=9 (full 0):
 garbage-first heap   total 67584K, used 20741K [0x0000000703600000, 0x0000000800000000)
  region size 2048K, 2 young (4096K), 2 survivors (4096K)
 Metaspace       used 44118K, committed 44672K, reserved 1114112K
  class space    used 5633K, committed 5888K, reserved 1048576K
}
Event: 3.262 GC heap before
{Heap before GC invocations=9 (full 0):
 garbage-first heap   total 67584K, used 45317K [0x0000000703600000, 0x0000000800000000)
  region size 2048K, 15 young (30720K), 2 survivors (4096K)
 Metaspace       used 51147K, committed 51712K, reserved 1114112K
  class space    used 6780K, committed 7040K, reserved 1048576K
}
Event: 3.265 GC heap after
{Heap after GC invocations=10 (full 0):
 garbage-first heap   total 67584K, used 21839K [0x0000000703600000, 0x0000000800000000)
  region size 2048K, 1 young (2048K), 1 survivors (2048K)
 Metaspace       used 51147K, committed 51712K, reserved 1114112K
  class space    used 6780K, committed 7040K, reserved 1048576K
}
Event: 3.806 GC heap before
{Heap before GC invocations=10 (full 0):
 garbage-first heap   total 67584K, used 48463K [0x0000000703600000, 0x0000000800000000)
  region size 2048K, 14 young (28672K), 1 survivors (2048K)
 Metaspace       used 55948K, committed 56512K, reserved 1114112K
  class space    used 7408K, committed 7680K, reserved 1048576K
}
Event: 3.811 GC heap after
{Heap after GC invocations=11 (full 0):
 garbage-first heap   total 67584K, used 23697K [0x0000000703600000, 0x0000000800000000)
  region size 2048K, 2 young (4096K), 2 survivors (4096K)
 Metaspace       used 55948K, committed 56512K, reserved 1114112K
  class space    used 7408K, committed 7680K, reserved 1048576K
}
Event: 3.982 GC heap before
{Heap before GC invocations=11 (full 0):
 garbage-first heap   total 67584K, used 48273K [0x0000000703600000, 0x0000000800000000)
  region size 2048K, 14 young (28672K), 2 survivors (4096K)
 Metaspace       used 57383K, committed 57984K, reserved 1114112K
  class space    used 7601K, committed 7872K, reserved 1048576K
}
Event: 3.984 GC heap after
{Heap after GC invocations=12 (full 0):
 garbage-first heap   total 67584K, used 24864K [0x0000000703600000, 0x0000000800000000)
  region size 2048K, 2 young (4096K), 2 survivors (4096K)
 Metaspace       used 57383K, committed 57984K, reserved 1114112K
  class space    used 7601K, committed 7872K, reserved 1048576K
}

Deoptimization events (20 events):
Event: 4.007 Thread 0x000002350acdf020 Uncommon trap: trap_request=0xffffffc6 fr.pc=0x00000235722aa2b8 relative=0x00000000000002f8
Event: 4.007 Thread 0x000002350acdf020 Uncommon trap: reason=bimorphic_or_optimized_type_check action=maybe_recompile pc=0x00000235722aa2b8 method=java.util.stream.AbstractPipeline.spliterator()Ljava/util/Spliterator; @ 112 c2
Event: 4.007 Thread 0x000002350acdf020 DEOPT PACKING pc=0x00000235722aa2b8 sp=0x000000f8d7cfddc0
Event: 4.007 Thread 0x000002350acdf020 DEOPT UNPACKING pc=0x000002356a6e5c23 sp=0x000000f8d7cfdd68 mode 2
Event: 4.009 Thread 0x000002350acdf020 Uncommon trap: trap_request=0xffffffc6 fr.pc=0x00000235722aa2b8 relative=0x00000000000002f8
Event: 4.009 Thread 0x000002350acdf020 Uncommon trap: reason=bimorphic_or_optimized_type_check action=maybe_recompile pc=0x00000235722aa2b8 method=java.util.stream.AbstractPipeline.spliterator()Ljava/util/Spliterator; @ 112 c2
Event: 4.009 Thread 0x000002350acdf020 DEOPT PACKING pc=0x00000235722aa2b8 sp=0x000000f8d7cfdde0
Event: 4.009 Thread 0x000002350acdf020 DEOPT UNPACKING pc=0x000002356a6e5c23 sp=0x000000f8d7cfdd88 mode 2
Event: 4.012 Thread 0x000002350acdf020 Uncommon trap: trap_request=0xffffffc6 fr.pc=0x00000235722aa2b8 relative=0x00000000000002f8
Event: 4.012 Thread 0x000002350acdf020 Uncommon trap: reason=bimorphic_or_optimized_type_check action=maybe_recompile pc=0x00000235722aa2b8 method=java.util.stream.AbstractPipeline.spliterator()Ljava/util/Spliterator; @ 112 c2
Event: 4.012 Thread 0x000002350acdf020 DEOPT PACKING pc=0x00000235722aa2b8 sp=0x000000f8d7cfde90
Event: 4.012 Thread 0x000002350acdf020 DEOPT UNPACKING pc=0x000002356a6e5c23 sp=0x000000f8d7cfde38 mode 2
Event: 4.014 Thread 0x000002350acdf020 Uncommon trap: trap_request=0xffffffde fr.pc=0x00000235723f7870 relative=0x0000000000000150
Event: 4.014 Thread 0x000002350acdf020 Uncommon trap: reason=class_check action=maybe_recompile pc=0x00000235723f7870 method=java.lang.reflect.Method.equals(Ljava/lang/Object;)Z @ 1 c2
Event: 4.014 Thread 0x000002350acdf020 DEOPT PACKING pc=0x00000235723f7870 sp=0x000000f8d7cfe1c0
Event: 4.014 Thread 0x000002350acdf020 DEOPT UNPACKING pc=0x000002356a6e5c23 sp=0x000000f8d7cfe148 mode 2
Event: 4.021 Thread 0x000002350acdf020 Uncommon trap: trap_request=0xffffff45 fr.pc=0x00000235722b6584 relative=0x0000000000000504
Event: 4.021 Thread 0x000002350acdf020 Uncommon trap: reason=unstable_if action=reinterpret pc=0x00000235722b6584 method=sun.reflect.annotation.AnnotationInvocationHandler.invoke(Ljava/lang/Object;Ljava/lang/reflect/Method;[Ljava/lang/Object;)Ljava/lang/Object; @ 76 c2
Event: 4.021 Thread 0x000002350acdf020 DEOPT PACKING pc=0x00000235722b6584 sp=0x000000f8d7cfaf30
Event: 4.021 Thread 0x000002350acdf020 DEOPT UNPACKING pc=0x000002356a6e5c23 sp=0x000000f8d7cfaee0 mode 2

Classes loaded (20 events):
Event: 3.911 Loading class java/lang/invoke/WrongMethodTypeException
Event: 3.911 Loading class java/lang/invoke/WrongMethodTypeException done
Event: 3.916 Loading class java/lang/Character$UnicodeBlock
Event: 3.917 Loading class java/lang/Character$Subset
Event: 3.917 Loading class java/lang/Character$Subset done
Event: 3.917 Loading class java/lang/Character$UnicodeBlock done
Event: 3.924 Loading class java/util/regex/Pattern$1
Event: 3.924 Loading class java/util/regex/Pattern$1 done
Event: 3.945 Loading class java/util/regex/Pattern$Bound
Event: 3.945 Loading class java/util/regex/Pattern$Bound done
Event: 3.945 Loading class java/util/regex/Pattern$SliceI
Event: 3.945 Loading class java/util/regex/Pattern$SliceI done
Event: 3.946 Loading class java/util/regex/Pattern$LookBehindEndNode
Event: 3.946 Loading class java/util/regex/Pattern$LookBehindEndNode done
Event: 3.946 Loading class java/util/regex/Pattern$NotBehind
Event: 3.946 Loading class java/util/regex/Pattern$NotBehind done
Event: 3.946 Loading class java/util/regex/Pattern$Behind
Event: 3.946 Loading class java/util/regex/Pattern$Behind done
Event: 4.021 Loading class java/time/DurationEditor
Event: 4.021 Loading class java/time/DurationEditor done

Classes unloaded (0 events):
No events

Classes redefined (0 events):
No events

Internal exceptions (20 events):
Event: 3.267 Thread 0x000002350acdf020 Exception <a 'java/lang/NoSuchMethodError'{0x00000007132117c0}: 'int java.lang.invoke.DirectMethodHandle$Holder.invokeStatic(java.lang.Object, int, java.lang.Object)'> (0x00000007132117c0) 
thrown [s\open\src\hotspot\share\interpreter\linkResolver.cpp, line 759]
Event: 3.268 Thread 0x000002350acdf020 Exception <a 'java/lang/NoSuchMethodError'{0x0000000713230018}: 'java.lang.Object java.lang.invoke.DirectMethodHandle$Holder.newInvokeSpecial(java.lang.Object, java.lang.Object, java.lang.Object, java.lang.Object, java.lang.Object, int, java.lang.Object)'> (0x0000000713230018) 
thrown [s\open\src\hotspot\share\interpreter\linkResolver.cpp, line 759]
Event: 3.270 Thread 0x000002350acdf020 Exception <a 'java/lang/NoSuchMethodError'{0x0000000713265078}: 'java.lang.Object java.lang.invoke.DirectMethodHandle$Holder.newInvokeSpecial(java.lang.Object, java.lang.Object, java.lang.Object, java.lang.Object, java.lang.Object, java.lang.Object, java.lang.Object, java.lang.Object, java.lang.Object, java.lang.Object, java.lang.Object, java.lang.Object)'> (0x0000000713265078) 
thrown [s\open\src\hotspot\share\interpreter\linkResolver.cpp, line 759]
Event: 3.270 Thread 0x000002350acdf020 Exception <a 'java/lang/NoSuchMethodError'{0x0000000713269b20}: 'java.lang.Object java.lang.invoke.DirectMethodHandle$Holder.invokeSpecial(java.lang.Object, java.lang.Object, java.lang.Object, java.lang.Object, java.lang.Object, java.lang.Object, java.lang.Object, java.lang.Object, java.lang.Object, java.lang.Object, java.lang.Object, java.lang.Object, java.lang.Object)'> (0x0000000713269b20) 
thrown [s\open\src\hotspot\share\interpreter\linkResolver.cpp, line 759]
Event: 3.270 Thread 0x000002350acdf020 Exception <a 'java/lang/NoSuchMethodError'{0x000000071326e238}: 'java.lang.Object java.lang.invoke.Invokers$Holder.linkToTargetMethod(java.lang.Object, java.lang.Object, java.lang.Object, java.lang.Object, java.lang.Object, java.lang.Object, java.lang.Object, java.lang.Object, java.lang.Object, java.lang.Object, java.lang.Object, java.lang.Object)'> (0x000000071326e238) 
thrown [s\open\src\hotspot\share\interpreter\linkResolver.cpp, line 759]
Event: 3.287 Thread 0x000002350acdf020 Exception <a 'java/lang/NoSuchMethodError'{0x000000070f21bd38}: 'java.lang.Object java.lang.invoke.DirectMethodHandle$Holder.newInvokeSpecial(java.lang.Object, java.lang.Object, java.lang.Object, java.lang.Object, java.lang.Object, java.lang.Object)'> (0x000000070f21bd38) 
thrown [s\open\src\hotspot\share\interpreter\linkResolver.cpp, line 759]
Event: 3.291 Thread 0x000002350acdf020 Exception <a 'java/lang/NoSuchMethodError'{0x000000070f2815f0}: 'java.lang.Object java.lang.invoke.DirectMethodHandle$Holder.newInvokeSpecial(java.lang.Object, java.lang.Object, java.lang.Object, java.lang.Object, java.lang.Object, java.lang.Object, java.lang.Object, int)'> (0x000000070f2815f0) 
thrown [s\open\src\hotspot\share\interpreter\linkResolver.cpp, line 759]
Event: 3.291 Thread 0x000002350acdf020 Exception <a 'java/lang/NoSuchMethodError'{0x000000070f2865f0}: 'java.lang.Object java.lang.invoke.DirectMethodHandle$Holder.invokeSpecial(java.lang.Object, java.lang.Object, java.lang.Object, java.lang.Object, java.lang.Object, java.lang.Object, java.lang.Object, java.lang.Object, int)'> (0x000000070f2865f0) 
thrown [s\open\src\hotspot\share\interpreter\linkResolver.cpp, line 759]
Event: 3.291 Thread 0x000002350acdf020 Exception <a 'java/lang/NoSuchMethodError'{0x000000070f28b0b8}: 'java.lang.Object java.lang.invoke.Invokers$Holder.linkToTargetMethod(java.lang.Object, java.lang.Object, java.lang.Object, java.lang.Object, java.lang.Object, java.lang.Object, int, java.lang.Object)'> (0x000000070f28b0b8) 
thrown [s\open\src\hotspot\share\interpreter\linkResolver.cpp, line 759]
Event: 3.303 Thread 0x000002350acdf020 Exception <a 'java/lang/NoSuchMethodError'{0x000000070f36fcc8}: 'java.lang.Object java.lang.invoke.DirectMethodHandle$Holder.newInvokeSpecial(java.lang.Object, java.lang.Object, int, java.lang.Object, int, java.lang.Object, java.lang.Object)'> (0x000000070f36fcc8) 
thrown [s\open\src\hotspot\share\interpreter\linkResolver.cpp, line 759]
Event: 3.307 Thread 0x000002350acdf020 Exception <a 'java/lang/NoSuchMethodError'{0x000000070f3bc8b0}: 'void java.lang.invoke.DirectMethodHandle$Holder.invokeInterface(java.lang.Object, java.lang.Object)'> (0x000000070f3bc8b0) 
thrown [s\open\src\hotspot\share\interpreter\linkResolver.cpp, line 759]
Event: 3.559 Thread 0x000002350acdf020 Exception <a 'java/lang/NoSuchMethodError'{0x000000070ec70490}: 'java.lang.Object java.lang.invoke.DirectMethodHandle$Holder.invokeSpecial(java.lang.Object, java.lang.Object, int, java.lang.Object, int)'> (0x000000070ec70490) 
thrown [s\open\src\hotspot\share\interpreter\linkResolver.cpp, line 759]
Event: 3.604 Thread 0x000002350acdf020 Exception <a 'java/lang/NoSuchMethodError'{0x000000070edcdd40}: 'void java.lang.invoke.Invokers$Holder.invokeExact_MT(java.lang.Object, java.lang.Object, java.lang.Object, java.lang.Object)'> (0x000000070edcdd40) 
thrown [s\open\src\hotspot\share\interpreter\linkResolver.cpp, line 759]
Event: 3.619 Thread 0x000002350acdf020 Implicit null exception at 0x0000023572410043 to 0x000002357241025c
Event: 3.650 Thread 0x000002350acdf020 Exception <a 'java/lang/IncompatibleClassChangeError'{0x0000000706bd2ae0}: Found class java.lang.Object, but interface was expected> (0x0000000706bd2ae0) 
thrown [s\open\src\hotspot\share\interpreter\linkResolver.cpp, line 826]
Event: 3.657 Thread 0x000002350acdf020 Exception <a 'java/lang/IncompatibleClassChangeError'{0x0000000706851298}: Found class java.lang.Object, but interface was expected> (0x0000000706851298) 
thrown [s\open\src\hotspot\share\interpreter\linkResolver.cpp, line 826]
Event: 3.679 Thread 0x000002350acdf020 Exception <a 'java/lang/IncompatibleClassChangeError'{0x00000007069ae498}: Found class java.lang.Object, but interface was expected> (0x00000007069ae498) 
thrown [s\open\src\hotspot\share\interpreter\linkResolver.cpp, line 826]
Event: 3.783 Thread 0x000002350acdf020 Exception <a 'java/lang/IncompatibleClassChangeError'{0x000000070602bfa0}: Found class java.lang.Object, but interface was expected> (0x000000070602bfa0) 
thrown [s\open\src\hotspot\share\interpreter\linkResolver.cpp, line 826]
Event: 3.925 Thread 0x000002350acdf020 Exception <a 'java/lang/IncompatibleClassChangeError'{0x0000000706406940}: Found class java.lang.Object, but interface was expected> (0x0000000706406940) 
thrown [s\open\src\hotspot\share\interpreter\linkResolver.cpp, line 826]
Event: 3.957 Thread 0x000002350acdf020 Exception <a 'java/lang/NoSuchMethodError'{0x0000000706594640}: 'java.lang.Object java.lang.invoke.DirectMethodHandle$Holder.invokeStatic(java.lang.Object, int, java.lang.Object)'> (0x0000000706594640) 
thrown [s\open\src\hotspot\share\interpreter\linkResolver.cpp, line 759]

VM Operations (20 events):
Event: 3.262 Executing VM operation: G1CollectForAllocation
Event: 3.265 Executing VM operation: G1CollectForAllocation done
Event: 3.615 Executing VM operation: HandshakeAllThreads
Event: 3.615 Executing VM operation: HandshakeAllThreads done
Event: 3.624 Executing VM operation: HandshakeAllThreads
Event: 3.624 Executing VM operation: HandshakeAllThreads done
Event: 3.639 Executing VM operation: HandshakeAllThreads
Event: 3.639 Executing VM operation: HandshakeAllThreads done
Event: 3.647 Executing VM operation: ICBufferFull
Event: 3.647 Executing VM operation: ICBufferFull done
Event: 3.746 Executing VM operation: HandshakeAllThreads
Event: 3.746 Executing VM operation: HandshakeAllThreads done
Event: 3.806 Executing VM operation: G1CollectForAllocation
Event: 3.811 Executing VM operation: G1CollectForAllocation done
Event: 3.813 Executing VM operation: HandshakeAllThreads
Event: 3.813 Executing VM operation: HandshakeAllThreads done
Event: 3.813 Executing VM operation: HandshakeAllThreads
Event: 3.813 Executing VM operation: HandshakeAllThreads done
Event: 3.982 Executing VM operation: G1CollectForAllocation
Event: 3.984 Executing VM operation: G1CollectForAllocation done

Events (20 events):
Event: 3.644 Thread 0x000002357fb23c30 flushing nmethod 0x000002356b5b0b90
Event: 3.644 Thread 0x000002357fb23c30 flushing nmethod 0x000002356b5b1e90
Event: 3.644 Thread 0x000002357fb23c30 flushing nmethod 0x000002356b5b2290
Event: 3.644 Thread 0x000002357fb23c30 flushing nmethod 0x000002356b5b2d90
Event: 3.644 Thread 0x000002357fb23c30 flushing nmethod 0x000002356b5b3f90
Event: 3.644 Thread 0x000002357fb23c30 flushing nmethod 0x000002356b5b8e90
Event: 3.644 Thread 0x000002357fb23c30 flushing nmethod 0x000002356b5ba010
Event: 3.644 Thread 0x000002357fb23c30 flushing nmethod 0x000002356b5bd910
Event: 3.644 Thread 0x000002357fb23c30 flushing nmethod 0x000002356b5bee90
Event: 3.644 Thread 0x000002357fb23c30 flushing nmethod 0x000002356b5c1a90
Event: 3.644 Thread 0x000002357fb23c30 flushing nmethod 0x000002356b5c2890
Event: 3.644 Thread 0x000002357fb23c30 flushing nmethod 0x000002356b5c5910
Event: 3.644 Thread 0x000002357fb23c30 flushing nmethod 0x000002356b5dae90
Event: 3.644 Thread 0x000002357fb23c30 flushing nmethod 0x000002356b5de310
Event: 3.644 Thread 0x000002357fb23c30 flushing nmethod 0x000002356b672690
Event: 3.644 Thread 0x000002357fb23c30 flushing nmethod 0x000002356b672b90
Event: 3.644 Thread 0x000002357fb23c30 flushing nmethod 0x000002356b680b90
Event: 3.644 Thread 0x000002357fb23c30 flushing nmethod 0x000002356b681a10
Event: 3.644 Thread 0x000002357fb23c30 flushing nmethod 0x000002356b681d90
Event: 3.652 Thread 0x000002357fb0dc80 Thread added: 0x000002357fb0dc80


Dynamic libraries:
0x00007ff649690000 - 0x00007ff6496a0000 	C:\Program Files\Java\jdk-18.0.2.1\bin\javaw.exe
0x00007ff835e90000 - 0x00007ff8360a7000 	C:\Windows\SYSTEM32\ntdll.dll
0x00007ff834230000 - 0x00007ff8342f4000 	C:\Windows\System32\KERNEL32.DLL
0x00007ff833490000 - 0x00007ff833836000 	C:\Windows\System32\KERNELBASE.dll
0x00007ff833370000 - 0x00007ff833481000 	C:\Windows\System32\ucrtbase.dll
0x00007ff814910000 - 0x00007ff81492a000 	C:\Program Files\Java\jdk-18.0.2.1\bin\VCRUNTIME140.dll
0x00007ff814930000 - 0x00007ff814948000 	C:\Program Files\Java\jdk-18.0.2.1\bin\jli.dll
0x00007ff835100000 - 0x00007ff8351b3000 	C:\Windows\System32\ADVAPI32.dll
0x00007ff835da0000 - 0x00007ff835e47000 	C:\Windows\System32\msvcrt.dll
0x00007ff834fd0000 - 0x00007ff835078000 	C:\Windows\System32\sechost.dll
0x00007ff8331d0000 - 0x00007ff8331f8000 	C:\Windows\System32\bcrypt.dll
0x00007ff8353e0000 - 0x00007ff8354f7000 	C:\Windows\System32\RPCRT4.dll
0x00007ff835230000 - 0x00007ff8353de000 	C:\Windows\System32\USER32.dll
0x00007ff8339d0000 - 0x00007ff8339f6000 	C:\Windows\System32\win32u.dll
0x00007ff832560000 - 0x00007ff8327f3000 	C:\Windows\WinSxS\amd64_microsoft.windows.common-controls_6595b64144ccf1df_6.0.22621.2506_none_270c5ae97388e100\COMCTL32.dll
0x00007ff833d80000 - 0x00007ff833da9000 	C:\Windows\System32\GDI32.dll
0x00007ff833a00000 - 0x00007ff833b18000 	C:\Windows\System32\gdi32full.dll
0x00007ff8338c0000 - 0x00007ff83395a000 	C:\Windows\System32\msvcp_win.dll
0x00007ff82b980000 - 0x00007ff82b98a000 	C:\Windows\SYSTEM32\VERSION.dll
0x00007ff835d60000 - 0x00007ff835d91000 	C:\Windows\System32\IMM32.DLL
0x00007ff82c620000 - 0x00007ff82c62c000 	C:\Program Files\Java\jdk-18.0.2.1\bin\vcruntime140_1.dll
0x00007ff814650000 - 0x00007ff8146dd000 	C:\Program Files\Java\jdk-18.0.2.1\bin\msvcp140.dll
0x00007fffb64d0000 - 0x00007fffb70e1000 	C:\Program Files\Java\jdk-18.0.2.1\bin\server\jvm.dll
0x00007ff834140000 - 0x00007ff834148000 	C:\Windows\System32\PSAPI.DLL
0x00007ff82f010000 - 0x00007ff82f019000 	C:\Windows\SYSTEM32\WSOCK32.dll
0x00007ff8298c0000 - 0x00007ff8298f4000 	C:\Windows\SYSTEM32\WINMM.dll
0x00007ff8348c0000 - 0x00007ff834931000 	C:\Windows\System32\WS2_32.dll
0x00007ff8319d0000 - 0x00007ff8319e8000 	C:\Windows\SYSTEM32\kernel.appcore.dll
0x00007ff82f000000 - 0x00007ff82f00a000 	C:\Program Files\Java\jdk-18.0.2.1\bin\jimage.dll
0x00007ff832b50000 - 0x00007ff832d83000 	C:\Windows\SYSTEM32\DBGHELP.DLL
0x00007ff833db0000 - 0x00007ff834139000 	C:\Windows\System32\combase.dll
0x00007ff834150000 - 0x00007ff834227000 	C:\Windows\System32\OLEAUT32.dll
0x00007ff8329e0000 - 0x00007ff832a12000 	C:\Windows\SYSTEM32\dbgcore.DLL
0x00007ff833840000 - 0x00007ff8338ba000 	C:\Windows\System32\bcryptPrimitives.dll
0x00007ff814c30000 - 0x00007ff814c55000 	C:\Program Files\Java\jdk-18.0.2.1\bin\java.dll
0x00007ff814b50000 - 0x00007ff814c26000 	C:\Program Files\Java\jdk-18.0.2.1\bin\jsvml.dll
0x00007ff835500000 - 0x00007ff835d5b000 	C:\Windows\System32\SHELL32.dll
0x00007ff8306d0000 - 0x00007ff830fc6000 	C:\Windows\SYSTEM32\windows.storage.dll
0x00007ff8303f0000 - 0x00007ff83052e000 	C:\Windows\SYSTEM32\wintypes.dll
0x00007ff833c80000 - 0x00007ff833d73000 	C:\Windows\System32\SHCORE.dll
0x00007ff8351c0000 - 0x00007ff83521e000 	C:\Windows\System32\shlwapi.dll
0x00007ff833100000 - 0x00007ff833126000 	C:\Windows\SYSTEM32\profapi.dll
0x00007ff814b30000 - 0x00007ff814b43000 	C:\Program Files\Java\jdk-18.0.2.1\bin\net.dll
0x00007ff82c450000 - 0x00007ff82c587000 	C:\Windows\SYSTEM32\WINHTTP.dll
0x00007ff831e10000 - 0x00007ff831e79000 	C:\Windows\system32\mswsock.dll
0x00007ff814b10000 - 0x00007ff814b26000 	C:\Program Files\Java\jdk-18.0.2.1\bin\nio.dll
0x00007ff814aa0000 - 0x00007ff814ab8000 	C:\Program Files\Java\jdk-18.0.2.1\bin\zip.dll
0x00007ff829900000 - 0x00007ff829909000 	C:\Program Files\Java\jdk-18.0.2.1\bin\management.dll
0x00007ff8198f0000 - 0x00007ff8198fb000 	C:\Program Files\Java\jdk-18.0.2.1\bin\management_ext.dll
0x00007ff82ef40000 - 0x00007ff82ef4e000 	C:\Program Files\Java\jdk-18.0.2.1\bin\sunmscapi.dll
0x00007ff833200000 - 0x00007ff833366000 	C:\Windows\System32\CRYPT32.dll
0x00007ff832350000 - 0x00007ff83237e000 	C:\Windows\SYSTEM32\ncrypt.dll
0x00007ff832270000 - 0x00007ff8322a7000 	C:\Windows\SYSTEM32\NTASN1.dll
0x00007ff832e70000 - 0x00007ff832e8b000 	C:\Windows\SYSTEM32\CRYPTSP.dll
0x00007ff831e80000 - 0x00007ff831eb5000 	C:\Windows\system32\rsaenh.dll
0x00007ff831f60000 - 0x00007ff831f8c000 	C:\Windows\SYSTEM32\USERENV.dll
0x00007ff832380000 - 0x00007ff83238c000 	C:\Windows\SYSTEM32\CRYPTBASE.dll
0x00007ff831460000 - 0x00007ff83148d000 	C:\Windows\SYSTEM32\IPHLPAPI.DLL
0x00007ff834940000 - 0x00007ff834949000 	C:\Windows\System32\NSI.dll
0x00007ff82bba0000 - 0x00007ff82bbb9000 	C:\Windows\SYSTEM32\dhcpcsvc6.DLL
0x00007ff82b640000 - 0x00007ff82b65f000 	C:\Windows\SYSTEM32\dhcpcsvc.DLL
0x00007ff8314f0000 - 0x00007ff8315e9000 	C:\Windows\SYSTEM32\DNSAPI.dll
0x00007ff82ef90000 - 0x00007ff82efa0000 	C:\Program Files\Java\jdk-18.0.2.1\bin\verify.dll
0x00007ff82bb90000 - 0x00007ff82bb9a000 	C:\Windows\System32\rasadhlp.dll
0x00007ff826890000 - 0x00007ff826913000 	C:\Windows\System32\fwpuclnt.dll

dbghelp: loaded successfully - version: 4.0.5 - missing functions: none
symbol engine: initialized successfully - sym options: 0x614 - pdb path: .;C:\Program Files\Java\jdk-18.0.2.1\bin;C:\Windows\SYSTEM32;C:\Windows\WinSxS\amd64_microsoft.windows.common-controls_6595b64144ccf1df_6.0.22621.2506_none_270c5ae97388e100;C:\Program Files\Java\jdk-18.0.2.1\bin\server

VM Arguments:
jvm_args: -Dfile.encoding=UTF-8 -Dstdout.encoding=UTF-8 -Dstderr.encoding=UTF-8 -XX:+ShowCodeDetailsInExceptionMessages 
java_command: com.cdac.oralcaremanagement.OralCareManagementApplication
java_class_path (initial): D:\FinalProject\updatedbackend\updatedbackend\OralCareManagement\target\classes;C:\Users\patwa\.m2\repository\org\springframework\boot\spring-boot-starter-data-jpa\3.2.2\spring-boot-starter-data-jpa-3.2.2.jar;C:\Users\patwa\.m2\repository\org\springframework\boot\spring-boot-starter-aop\3.2.2\spring-boot-starter-aop-3.2.2.jar;C:\Users\patwa\.m2\repository\org\aspectj\aspectjweaver\1.9.21\aspectjweaver-1.9.21.jar;C:\Users\patwa\.m2\repository\org\springframework\boot\spring-boot-starter-jdbc\3.2.2\spring-boot-starter-jdbc-3.2.2.jar;C:\Users\patwa\.m2\repository\com\zaxxer\HikariCP\5.0.1\HikariCP-5.0.1.jar;C:\Users\patwa\.m2\repository\org\springframework\spring-jdbc\6.1.3\spring-jdbc-6.1.3.jar;C:\Users\patwa\.m2\repository\org\hibernate\orm\hibernate-core\6.4.1.Final\hibernate-core-6.4.1.Final.jar;C:\Users\patwa\.m2\repository\jakarta\persistence\jakarta.persistence-api\3.1.0\jakarta.persistence-api-3.1.0.jar;C:\Users\patwa\.m2\repository\jakarta\transaction\jakarta.transaction-api\2.0.1\jakarta.transaction-api-2.0.1.jar;C:\Users\patwa\.m2\repository\org\jboss\logging\jboss-logging\3.5.3.Final\jboss-logging-3.5.3.Final.jar;C:\Users\patwa\.m2\repository\org\hibernate\common\hibernate-commons-annotations\6.0.6.Final\hibernate-commons-annotations-6.0.6.Final.jar;C:\Users\patwa\.m2\repository\io\smallrye\jandex\3.1.2\jandex-3.1.2.jar;C:\Users\patwa\.m2\repository\com\fasterxml\classmate\1.6.0\classmate-1.6.0.jar;C:\Users\patwa\.m2\repository\net\bytebuddy\byte-buddy\1.14.11\byte-buddy-1.14.11.jar;C:\Users\patwa\.m2\repository\org\glassfish\jaxb\jaxb-runtime\4.0.4\jaxb-runtime-4.0.4.jar;C:\Users\patwa\.m2\repository\org\glassfish\jaxb\jaxb-core\4.0.4\jaxb-core-4.0.4.jar;C:\Users\patwa\.m2\repository\org\eclipse\angus\angus-activation\2.0.1\angus-activation-2.0.1.jar;C:\Users\patwa\.m2\repository\org\glassfish\jaxb\txw2\4.0.4\txw2-4.0.4.jar;C:\Users\patwa\.m2\repository\com\sun\istack\istack-commons-runtime\4.1.2\istack-commons-runtime-4.1.2.jar;C:\Users\patwa\.m2\repository\jakarta\inject\jakarta.inject-api\2.0.1\jakarta.inject-api-2.0.1.jar;C:\Users\patwa\.m2\repository\org\antlr\antlr4-runtime\4.13.0\antlr4-runtime-4.13.0.jar;C:\Users\patwa\.m2\repository\org\springframework\data\spring-data-jpa\3.2.2\spring-data-jpa-3.2.2.jar;C:\Users\patwa\.m2\repository\org\springframework\data\spring-data-commons\3.2.2\spring-data-commons-3.2.2.jar;C:\Users\patwa\.m2\repository\org\springframework\spring-orm\6.1.3\spring-orm-6.1.3.jar;C:\Users\patwa\.m2\repository\org\springframework\spring-tx\6.1.3\spring-tx-6.1.3.jar;C:\Users\patwa\.m2\repository\jakarta\annotation\jakarta.annotation-api\2.1.1\jakarta.annotation-api-2.1.1.jar;C:\Users\patwa\.m2\repository\org\slf4j\slf4j-api\2.0.11\slf4j-api-2.0.11.jar;C:\Users\patwa\.m2\repository\org\springframework\spring-aspects\6.1.3\spring-aspects-6.1.3.jar;C:\Users\patwa\.m2\repository\org\springframework\boot\spring-boot-starter-web\3.2.2\spring-boot-starter-web-3.2.2.jar;C:\Users\patwa\.m2\repository\org\springframework\boot\spring-boot-starter\3.2.2\spring-boot-starter-3.2.2.jar;C:\Users\patwa\.m2\repository\org\springframework\boot\spring-boot-starter-logging\3.2.2\spring-boot-starter-logging-3.2.2.jar;C:\Users\patwa\.m2\repository\ch\qos\logback\logback-classic\1.4.14\logback-classic-1.4.14.jar;C:\Users\patwa\.m2\repository\ch\qos\logback\logback-core\1.4.14\logback-core-1.4.14.jar;C:\Users\patwa\.m2\repository\org\apache\logging\log4j\log4j-to-slf4j\2.21.1\log4j-to-slf4j-2.21.1.jar;C:\Users\patwa\.m2\repository\org\apache\logging\log4j\log4j-api\2.21.1\log4j-api-2.21.1.jar;C:\Users\patwa\.m2\repository\org\slf4j\jul-to-slf4j\2.0.11\jul-to-slf4j-2.0.11.jar;C:\Users\patwa\.m2\repository\org\yaml\snakeyaml\2.2\snakeyaml-2.2.jar;C:\Users\patwa\.m2\repository\org\springframework\boot\spring-boot-starter-json\3.2.2\spring-boot-starter-json-3.2.2.jar;C:\Users\patwa\.m2\repository\com\fasterxml\jackson\core\jackson-databind\2.15.3\jackson-databind-2.15.3.jar;C:\Users\patwa\.m2\repository\com\fasterxml\jackson\core\jackson-annotations\2.15.3\jackson-annotations-2.15.3.jar;C:\Users\patwa\.m2\repository\com\fasterxml\jackson\core\jackson-core\2.15.3\jackson-core-2.15.3.jar;C:\Users\patwa\.m2\repository\com\fasterxml\jackson\datatype\jackson-datatype-jdk8\2.15.3\jackson-datatype-jdk8-2.15.3.jar;C:\Users\patwa\.m2\repository\com\fasterxml\jackson\datatype\jackson-datatype-jsr310\2.15.3\jackson-datatype-jsr310-2.15.3.jar;C:\Users\patwa\.m2\repository\com\fasterxml\jackson\module\jackson-module-parameter-names\2.15.3\jackson-module-parameter-names-2.15.3.jar;C:\Users\patwa\.m2\repository\org\springframework\boot\spring-boot-starter-tomcat\3.2.2\spring-boot-starter-tomcat-3.2.2.jar;C:\Users\patwa\.m2\repository\org\apache\tomcat\embed\tomcat-embed-core\10.1.18\tomcat-embed-core-10.1.18.jar;C:\Users\patwa\.m2\repository\org\apache\tomcat\embed\tomcat-embed-el\10.1.18\tomcat-embed-el-10.1.18.jar;C:\Users\patwa\.m2\repository\org\apache\tomcat\embed\tomcat-embed-websocket\10.1.18\tomcat-embed-websocket-10.1.18.jar;C:\Users\patwa\.m2\repository\org\springframework\spring-web\6.1.3\spring-web-6.1.3.jar;C:\Users\patwa\.m2\repository\org\springframework\spring-webmvc\6.1.3\spring-webmvc-6.1.3.jar;C:\Users\patwa\.m2\repository\org\springframework\boot\spring-boot-devtools\3.2.2\spring-boot-devtools-3.2.2.jar;C:\Users\patwa\.m2\repository\org\springframework\boot\spring-boot\3.2.2\spring-boot-3.2.2.jar;C:\Users\patwa\.m2\repository\org\springframework\boot\spring-boot-autoconfigure\3.2.2\spring-boot-autoconfigure-3.2.2.jar;C:\Users\patwa\.m2\repository\com\mysql\mysql-connector-j\8.3.0\mysql-connector-j-8.3.0.jar;C:\Users\patwa\.m2\repository\jakarta\xml\bind\jakarta.xml.bind-api\4.0.1\jakarta.xml.bind-api-4.0.1.jar;C:\Users\patwa\.m2\repository\jakarta\activation\jakarta.activation-api\2.1.2\jakarta.activation-api-2.1.2.jar;C:\Users\patwa\.m2\repository\org\springframework\spring-core\6.1.3\spring-core-6.1.3.jar;C:\Users\patwa\.m2\repository\org\springframework\spring-jcl\6.1.3\spring-jcl-6.1.3.jar;C:\Users\patwa\.m2\repository\org\springframework\security\spring-security-web\6.2.1\spring-security-web-6.2.1.jar;C:\Users\patwa\.m2\repository\org\springframework\boot\spring-boot-starter-security\3.2.1\spring-boot-starter-security-3.2.1.jar;C:\Users\patwa\.m2\repository\org\springframework\spring-aop\6.1.3\spring-aop-6.1.3.jar;C:\Users\patwa\.m2\repository\org\springframework\security\spring-security-config\6.2.1\spring-security-config-6.2.1.jar;C:\Users\patwa\.m2\repository\org\springframework\security\spring-security-core\6.2.1\spring-security-core-6.2.1.jar;C:\Users\patwa\.m2\repository\org\springframework\security\spring-security-crypto\6.2.1\spring-security-crypto-6.2.1.jar;C:\Users\patwa\.m2\repository\org\springframework\spring-beans\6.1.3\spring-beans-6.1.3.jar;C:\Users\patwa\.m2\repository\org\springframework\spring-context\6.1.3\spring-context-6.1.3.jar;C:\Users\patwa\.m2\repository\org\springframework\spring-expression\6.1.3\spring-expression-6.1.3.jar;C:\Users\patwa\.m2\repository\io\micrometer\micrometer-observation\1.12.2\micrometer-observation-1.12.2.jar;C:\Users\patwa\.m2\repository\io\micrometer\micrometer-commons\1.12.2\micrometer-commons-1.12.2.jar
Launcher Type: SUN_STANDARD

[Global flags]
     intx CICompilerCount                          = 4                                         {product} {ergonomic}
     uint ConcGCThreads                            = 2                                         {product} {ergonomic}
     uint G1ConcRefinementThreads                  = 8                                         {product} {ergonomic}
   size_t G1HeapRegionSize                         = 2097152                                   {product} {ergonomic}
    uintx GCDrainStackTargetSize                   = 64                                        {product} {ergonomic}
   size_t InitialHeapSize                          = 266338304                                 {product} {ergonomic}
   size_t MarkStackSize                            = 4194304                                   {product} {ergonomic}
   size_t MaxHeapSize                              = 4238344192                                {product} {ergonomic}
   size_t MaxNewSize                               = 2541748224                                {product} {ergonomic}
   size_t MinHeapDeltaBytes                        = 2097152                                   {product} {ergonomic}
   size_t MinHeapSize                              = 8388608                                   {product} {ergonomic}
    uintx NonNMethodCodeHeapSize                   = 5839372                                {pd product} {ergonomic}
    uintx NonProfiledCodeHeapSize                  = 122909434                              {pd product} {ergonomic}
    uintx ProfiledCodeHeapSize                     = 122909434                              {pd product} {ergonomic}
    uintx ReservedCodeCacheSize                    = 251658240                              {pd product} {ergonomic}
     bool SegmentedCodeCache                       = true                                      {product} {ergonomic}
     bool ShowCodeDetailsInExceptionMessages       = true                                   {manageable} {command line}
   size_t SoftMaxHeapSize                          = 4238344192                             {manageable} {ergonomic}
     bool UseCompressedClassPointers               = true                           {product lp64_product} {ergonomic}
     bool UseCompressedOops                        = true                           {product lp64_product} {ergonomic}
     bool UseG1GC                                  = true                                      {product} {ergonomic}
     bool UseLargePagesIndividualAllocation        = false                                  {pd product} {ergonomic}

Logging:
Log output configuration:
 #0: stdout all=warning uptime,level,tags foldmultilines=false
 #1: stderr all=off uptime,level,tags foldmultilines=false

Environment Variables:
PATH=C:/Program Files/Java/jdk-18.0.2.1/bin/server;C:/Program Files/Java/jdk-18.0.2.1/bin;C:\Program Files\Common Files\Oracle\Java\javapath;C:\Windows\system32;C:\Windows;C:\Windows\System32\Wbem;C:\Windows\System32\WindowsPowerShell\v1.0\;C:\Windows\System32\OpenSSH\;C:\Program Files\Java\jdk-18.0.2.1\bin;C:\Program Files\Microsoft SQL Server\150\Tools\Binn\;C:\Program Files\Microsoft SQL Server\Client SDK\ODBC\170\Tools\Binn\;C:\Program Files\dotnet\;C:\Program Files\nodejs\;C:\Program Files (x86)\Microsoft SQL Server\160\Tools\Binn\;C:\Program Files\Microsoft SQL Server\160\Tools\Binn\;C:\Program Files\Microsoft SQL Server\160\DTS\Binn\;C:\Program Files\Git\cmd;C:\Users\patwa\.console-ninja\.bin;C:\Users\patwa\AppData\Local\Microsoft\WindowsApps;C:\Users\patwa\.dotnet\tools;C:\Users\patwa\AppData\Local\Programs\Microsoft VS Code\bin;C:\Users\patwa\AppData\Roaming\npm;C:\Users\patwa\AppData\Local\GitHubDesktop\bin;C:\Users\patwa\OneDrive\Desktop;
USERNAME=Omee
OS=Windows_NT
PROCESSOR_IDENTIFIER=Intel64 Family 6 Model 140 Stepping 2, GenuineIntel



---------------  S Y S T E M  ---------------

OS:
 Windows 11 , 64 bit Build 22621 (10.0.22621.3085)
OS uptime: 0 days 1:51 hours
Hyper-V role detected

CPU: total 8 (initial active 8) (4 cores per cpu, 2 threads per core) family 6 model 140 stepping 2 microcode 0x2a, cx8, cmov, fxsr, ht, mmx, 3dnowpref, sse, sse2, sse3, ssse3, sse4.1, sse4.2, popcnt, lzcnt, tsc, tscinvbit, avx, avx2, aes, erms, clmul, bmi1, bmi2, adx, avx512f, avx512dq, avx512cd, avx512bw, avx512vl, sha, fma, vzeroupper, avx512_vpopcntdq, avx512_vpclmulqdq, avx512_vaes, avx512_vnni, clflush, clflushopt, clwb, avx512_vbmi2, avx512_vbmi, hv

Memory: 4k page, system-wide physical 16166M (6978M free)
TotalPageFile size 18598M (AvailPageFile size 5679M)
current process WorkingSet (physical memory assigned to process): 265M, peak: 269M
current process commit charge ("private bytes"): 301M, peak: 406M

vm_info: Java HotSpot(TM) 64-Bit Server VM (18.0.2.1+1-1) for windows-amd64 JRE (18.0.2.1+1-1), built on Aug 16 2022 01:46:33 by "mach5one" with MS VC++ 16.8 / 16.9 (VS2019)

END.
