#
# A fatal error has been detected by the Java Runtime Environment:
#
#  Internal Error (relocInfo_x86.cpp:106), pid=14316, tid=15128
#  Error: ShouldNotReachHere()
#
# JRE version: Java(TM) SE Runtime Environment (18.0.2.1+1) (build 18.0.2.1+1-1)
# Java VM: Java HotSpot(TM) 64-Bit Server VM (18.0.2.1+1-1, mixed mode, sharing, tiered, compressed oops, compressed class ptrs, g1 gc, windows-amd64)
# No core dump will be written. Minidumps are not enabled by default on client versions of Windows
#
# If you would like to submit a bug report, please visit:
#   https://bugreport.java.com/bugreport/crash.jsp
#

---------------  S U M M A R Y ------------

Command Line: -Dfile.encoding=UTF-8 -Dstdout.encoding=UTF-8 -Dstderr.encoding=UTF-8 -XX:+ShowCodeDetailsInExceptionMessages com.cdac.oralcaremanagement.OralCareManagementApplication

Host: 11th Gen Intel(R) Core(TM) i5-11320H @ 3.20GHz, 8 cores, 15G,  Windows 11 , 64 bit Build 22621 (10.0.22621.3085)
Time: Sun Feb 25 14:26:48 2024 India Standard Time elapsed time: 1.552962 seconds (0d 0h 0m 1s)

---------------  T H R E A D  ---------------

Current thread (0x000001c6761a9110):  JavaThread "C1 CompilerThread0" daemon [_thread_in_vm, id=15128, stack(0x0000004623700000,0x0000004623800000)]


Current CompileTask:
C1:   1553 3553   !   3       org.springframework.util.ReflectionUtils::doWithMethods (186 bytes)

Stack: [0x0000004623700000,0x0000004623800000]
Native frames: (J=compiled Java code, j=interpreted, Vv=VM code, C=native code)
V  [jvm.dll+0x6993aa]
V  [jvm.dll+0x7f46dd]
V  [jvm.dll+0x7f5fee]
V  [jvm.dll+0x7f6657]
V  [jvm.dll+0x25ce7a]
V  [jvm.dll+0x25cdb3]
V  [jvm.dll+0x6e9314]
V  [jvm.dll+0x6e7a45]
V  [jvm.dll+0x218f56]
V  [jvm.dll+0x217626]
V  [jvm.dll+0x66f604]
V  [jvm.dll+0x6725f4]
V  [jvm.dll+0x1dd34d]
V  [jvm.dll+0x148bf1]
V  [jvm.dll+0x147f9a]
V  [jvm.dll+0x149c81]
V  [jvm.dll+0x23ee0a]
V  [jvm.dll+0x23d0f5]
V  [jvm.dll+0x7a6dd1]
V  [jvm.dll+0x7a120a]
V  [jvm.dll+0x698255]
C  [ucrtbase.dll+0x29363]
C  [KERNEL32.DLL+0x1257d]
C  [ntdll.dll+0x5aa58]


---------------  P R O C E S S  ---------------

Threads class SMR info:
_java_thread_list=0x000001c67b61d3b0, length=16, elements={
0x000001c65135deb0, 0x000001c67617c2b0, 0x000001c67617cc50, 0x000001c67619a290,
0x000001c67619ab40, 0x000001c67619d400, 0x000001c67619dcb0, 0x000001c6761a7ae0,
0x000001c6761a9110, 0x000001c6761aaa00, 0x000001c67a4edb30, 0x000001c67a4f8e70,
0x000001c67a562660, 0x000001c67afef3a0, 0x000001c67abdae70, 0x000001c67b849390
}

Java Threads: ( => current thread )
  0x000001c65135deb0 JavaThread "main" [_thread_blocked, id=18840, stack(0x0000004622900000,0x0000004622a00000)]
  0x000001c67617c2b0 JavaThread "Reference Handler" daemon [_thread_blocked, id=19112, stack(0x0000004623000000,0x0000004623100000)]
  0x000001c67617cc50 JavaThread "Finalizer" daemon [_thread_blocked, id=18700, stack(0x0000004623100000,0x0000004623200000)]
  0x000001c67619a290 JavaThread "Signal Dispatcher" daemon [_thread_blocked, id=18780, stack(0x0000004623200000,0x0000004623300000)]
  0x000001c67619ab40 JavaThread "Attach Listener" daemon [_thread_blocked, id=18356, stack(0x0000004623300000,0x0000004623400000)]
  0x000001c67619d400 JavaThread "Service Thread" daemon [_thread_blocked, id=19296, stack(0x0000004623400000,0x0000004623500000)]
  0x000001c67619dcb0 JavaThread "Monitor Deflation Thread" daemon [_thread_blocked, id=17548, stack(0x0000004623500000,0x0000004623600000)]
  0x000001c6761a7ae0 JavaThread "C2 CompilerThread0" daemon [_thread_in_vm, id=18728, stack(0x0000004623600000,0x0000004623700000)]
=>0x000001c6761a9110 JavaThread "C1 CompilerThread0" daemon [_thread_in_vm, id=15128, stack(0x0000004623700000,0x0000004623800000)]
  0x000001c6761aaa00 JavaThread "Sweeper thread" daemon [_thread_blocked, id=10164, stack(0x0000004623800000,0x0000004623900000)]
  0x000001c67a4edb30 JavaThread "Notification Thread" daemon [_thread_blocked, id=1668, stack(0x0000004623900000,0x0000004623a00000)]
  0x000001c67a4f8e70 JavaThread "Common-Cleaner" daemon [_thread_blocked, id=19304, stack(0x0000004623b00000,0x0000004623c00000)]
  0x000001c67a562660 JavaThread "C2 CompilerThread1" daemon [_thread_in_vm, id=18724, stack(0x0000004623c00000,0x0000004623d00000)]
  0x000001c67afef3a0 JavaThread "Thread-0" [_thread_blocked, id=16340, stack(0x0000004623d00000,0x0000004623e00000)]
  0x000001c67abdae70 JavaThread "restartedMain" [_thread_blocked, id=19212, stack(0x0000004623e00000,0x0000004623f00000)]
  0x000001c67b849390 JavaThread "C2 CompilerThread2" daemon [_thread_blocked, id=12916, stack(0x0000004624700000,0x0000004624800000)]

Other Threads:
  0x000001c6515e1f90 VMThread "VM Thread" [stack: 0x0000004622f00000,0x0000004623000000] [id=13136]
  0x000001c67a4f3420 WatcherThread "VM Periodic Task Thread" [stack: 0x0000004623a00000,0x0000004623b00000] [id=9144]
  0x000001c6515c11b0 WorkerThread "GC Thread#0" [stack: 0x0000004622a00000,0x0000004622b00000] [id=18828]
  0x000001c67b18f2f0 WorkerThread "GC Thread#1" [stack: 0x0000004623f00000,0x0000004624000000] [id=19208]
  0x000001c67b1ba160 WorkerThread "GC Thread#2" [stack: 0x0000004624000000,0x0000004624100000] [id=19216]
  0x000001c67b1c2410 WorkerThread "GC Thread#3" [stack: 0x0000004624100000,0x0000004624200000] [id=16584]
  0x000001c67b1c2ab0 WorkerThread "GC Thread#4" [stack: 0x0000004624200000,0x0000004624300000] [id=18964]
  0x000001c67b1c2d50 WorkerThread "GC Thread#5" [stack: 0x0000004624300000,0x0000004624400000] [id=8188]
  0x000001c67b4692b0 WorkerThread "GC Thread#6" [stack: 0x0000004624500000,0x0000004624600000] [id=11396]
  0x000001c67b367d20 WorkerThread "GC Thread#7" [stack: 0x0000004624600000,0x0000004624700000] [id=6060]
  0x000001c6515d1c70 ConcurrentGCThread "G1 Main Marker" [stack: 0x0000004622b00000,0x0000004622c00000] [id=18884]
  0x000001c6515d2560 WorkerThread "G1 Conc#0" [stack: 0x0000004622c00000,0x0000004622d00000] [id=17848]
  0x000001c67b5d7040 WorkerThread "G1 Conc#1" [stack: 0x0000004624400000,0x0000004624500000] [id=10572]
  0x000001c6760361b0 ConcurrentGCThread "G1 Refine#0" [stack: 0x0000004622d00000,0x0000004622e00000] [id=16068]
  0x000001c6760369d0 ConcurrentGCThread "G1 Service" [stack: 0x0000004622e00000,0x0000004622f00000] [id=18844]

Threads with active compile tasks:
C2 CompilerThread0     1563 3515       4       org.springframework.core.ResolvableType::resolveType (146 bytes)
C1 CompilerThread0     1563 3553   !   3       org.springframework.util.ReflectionUtils::doWithMethods (186 bytes)
C2 CompilerThread1     1563 3545   !   4       org.springframework.beans.factory.support.DefaultSingletonBeanRegistry::getSingleton (147 bytes)
C2 CompilerThread2     1563 3495       4       org.springframework.beans.factory.support.AbstractBeanFactory::isTypeMatch (619 bytes)

VM state: not at safepoint (normal execution)

VM Mutex/Monitor currently owned by a thread:  ([mutex/lock_event])
[0x000001c65135b8c0] MethodCompileQueue_lock - owner thread: 0x000001c6761a9110
[0x000001c65135a5a0] CodeCache_lock - owner thread: 0x000001c6761a9110
[0x000001c65135ad80] Compile_lock - owner thread: 0x000001c6761a9110

Heap address: 0x0000000703600000, size: 4042 MB, Compressed Oops mode: Zero based, Oop shift amount: 3

CDS archive(s) mapped at: [0x0000000800000000-0x0000000800ba0000-0x0000000800ba0000), size 12189696, SharedBaseAddress: 0x0000000800000000, ArchiveRelocationMode: 0.
Compressed class space mapped at: 0x0000000800c00000-0x0000000840c00000, reserved size: 1073741824
Narrow klass base: 0x0000000800000000, Narrow klass shift: 0, Narrow klass range: 0x100000000

GC Precious Log:
 CardTable entry size: 512
 Card Set container configuration: InlinePtr #cards 4 size 8 Array Of Cards #cards 16 size 48 Howl #buckets 8 coarsen threshold 3686 Howl Bitmap #cards 512 size 80 coarsen threshold 460 Card regions per heap region 1 cards per card region 4096
 CPUs: 8 total, 8 available
 Memory: 16166M
 Large Page Support: Disabled
 NUMA Support: Disabled
 Compressed Oops: Enabled (Zero based)
 Heap Region Size: 2M
 Heap Min Capacity: 8M
 Heap Initial Capacity: 254M
 Heap Max Capacity: 4042M
 Pre-touch: Disabled
 Parallel Workers: 8
 Concurrent Workers: 2
 Concurrent Refinement Workers: 8
 Periodic GC: Disabled

Heap:
 garbage-first heap   total 55296K, used 27594K [0x0000000703600000, 0x0000000800000000)
  region size 2048K, 12 young (24576K), 4 survivors (8192K)
 Metaspace       used 24156K, committed 24512K, reserved 1114112K
  class space    used 2991K, committed 3136K, reserved 1048576K

Heap Regions: E=young(eden), S=young(survivor), O=old, HS=humongous(starts), HC=humongous(continues), CS=collection set, F=free, OA=open archive, CA=closed archive, TAMS=top-at-mark-start (previous, next)
|   0|0x0000000703600000, 0x0000000703800000, 0x0000000703800000|100%| O|  |TAMS 0x0000000703800000, 0x0000000703600000| Untracked 
|   1|0x0000000703800000, 0x0000000703a00000, 0x0000000703a00000|100%| O|  |TAMS 0x0000000703a00000, 0x0000000703800000| Untracked 
|   2|0x0000000703a00000, 0x0000000703bf1c00, 0x0000000703c00000| 97%| O|  |TAMS 0x0000000703bf1c00, 0x0000000703a00000| Untracked 
|   3|0x0000000703c00000, 0x0000000703c00000, 0x0000000703e00000|  0%| F|  |TAMS 0x0000000703c00000, 0x0000000703c00000| Untracked 
|   4|0x0000000703e00000, 0x0000000703e00000, 0x0000000704000000|  0%| F|  |TAMS 0x0000000703e00000, 0x0000000703e00000| Untracked 
|   5|0x0000000704000000, 0x0000000704000000, 0x0000000704200000|  0%| F|  |TAMS 0x0000000704000000, 0x0000000704000000| Untracked 
|   6|0x0000000704200000, 0x0000000704200000, 0x0000000704400000|  0%| F|  |TAMS 0x0000000704200000, 0x0000000704200000| Untracked 
|   7|0x0000000704400000, 0x0000000704400000, 0x0000000704600000|  0%| F|  |TAMS 0x0000000704400000, 0x0000000704400000| Untracked 
|   8|0x0000000704600000, 0x0000000704600000, 0x0000000704800000|  0%| F|  |TAMS 0x0000000704600000, 0x0000000704600000| Untracked 
|   9|0x0000000704800000, 0x0000000704800000, 0x0000000704a00000|  0%| F|  |TAMS 0x0000000704800000, 0x0000000704800000| Untracked 
|  10|0x0000000704a00000, 0x0000000704a00000, 0x0000000704c00000|  0%| F|  |TAMS 0x0000000704a00000, 0x0000000704a00000| Untracked 
|  11|0x0000000704c00000, 0x0000000704c00000, 0x0000000704e00000|  0%| F|  |TAMS 0x0000000704c00000, 0x0000000704c00000| Untracked 
|  12|0x0000000704e00000, 0x0000000704e00000, 0x0000000705000000|  0%| F|  |TAMS 0x0000000704e00000, 0x0000000704e00000| Untracked 
|  13|0x0000000705000000, 0x0000000705000000, 0x0000000705200000|  0%| F|  |TAMS 0x0000000705000000, 0x0000000705000000| Untracked 
|  14|0x0000000705200000, 0x0000000705200000, 0x0000000705400000|  0%| F|  |TAMS 0x0000000705200000, 0x0000000705200000| Untracked 
|  15|0x0000000705400000, 0x0000000705600000, 0x0000000705600000|100%| E|  |TAMS 0x0000000705400000, 0x0000000705400000| Complete 
|  16|0x0000000705600000, 0x0000000705800000, 0x0000000705800000|100%| E|CS|TAMS 0x0000000705600000, 0x0000000705600000| Complete 
|  17|0x0000000705800000, 0x0000000705a00000, 0x0000000705a00000|100%| E|CS|TAMS 0x0000000705800000, 0x0000000705800000| Complete 
|  18|0x0000000705a00000, 0x0000000705c00000, 0x0000000705c00000|100%| E|CS|TAMS 0x0000000705a00000, 0x0000000705a00000| Complete 
|  19|0x0000000705c00000, 0x0000000705e00000, 0x0000000705e00000|100%| E|CS|TAMS 0x0000000705c00000, 0x0000000705c00000| Complete 
|  20|0x0000000705e00000, 0x0000000706000000, 0x0000000706000000|100%| E|CS|TAMS 0x0000000705e00000, 0x0000000705e00000| Complete 
|  21|0x0000000706000000, 0x0000000706200000, 0x0000000706200000|100%| E|CS|TAMS 0x0000000706000000, 0x0000000706000000| Complete 
|  91|0x000000070ec00000, 0x000000070ed00c80, 0x000000070ee00000| 50%| S|CS|TAMS 0x000000070ec00000, 0x000000070ec00000| Complete 
|  92|0x000000070ee00000, 0x000000070f000000, 0x000000070f000000|100%| S|CS|TAMS 0x000000070ee00000, 0x000000070ee00000| Complete 
|  93|0x000000070f000000, 0x000000070f200000, 0x000000070f200000|100%| S|CS|TAMS 0x000000070f000000, 0x000000070f000000| Complete 
|  94|0x000000070f200000, 0x000000070f400000, 0x000000070f400000|100%| S|CS|TAMS 0x000000070f200000, 0x000000070f200000| Complete 
| 126|0x0000000713200000, 0x0000000713400000, 0x0000000713400000|100%| E|CS|TAMS 0x0000000713200000, 0x0000000713200000| Complete 

Card table byte_map: [0x000001c66a8b0000,0x000001c66b0a0000] _byte_map_base: 0x000001c667095000

Marking Bits (Prev, Next): (CMBitMap*) 0x000001c6515c16f0, (CMBitMap*) 0x000001c6515c16b0
 Prev Bits: [0x000001c66f7c0000, 0x000001c6736e8000)
 Next Bits: [0x000001c66b890000, 0x000001c66f7b8000)

Polling page: 0x000001c651600000

Metaspace:

Usage:
  Non-class:     20.67 MB used.
      Class:      2.92 MB used.
       Both:     23.59 MB used.

Virtual space:
  Non-class space:       64.00 MB reserved,      20.88 MB ( 33%) committed,  1 nodes.
      Class space:        1.00 GB reserved,       3.06 MB ( <1%) committed,  1 nodes.
             Both:        1.06 GB reserved,      23.94 MB (  2%) committed. 

Chunk freelists:
   Non-Class:  2.20 MB
       Class:  960.00 KB
        Both:  3.14 MB

MaxMetaspaceSize: unlimited
CompressedClassSpaceSize: 1.00 GB
Initial GC threshold: 21.00 MB
Current GC threshold: 35.12 MB
CDS: on
MetaspaceReclaimPolicy: balanced
 - commit_granule_bytes: 65536.
 - commit_granule_words: 8192.
 - virtual_space_node_default_size: 8388608.
 - enlarge_chunks_in_place: 1.
 - new_chunks_are_fully_committed: 0.
 - uncommit_free_chunks: 1.
 - use_allocation_guard: 0.


Internal statistics:

num_allocs_failed_limit: 3.
num_arena_births: 438.
num_arena_deaths: 0.
num_vsnodes_births: 2.
num_vsnodes_deaths: 0.
num_space_committed: 383.
num_space_uncommitted: 0.
num_chunks_returned_to_freelist: 3.
num_chunks_taken_from_freelist: 1281.
num_chunk_merges: 3.
num_chunk_splits: 888.
num_chunks_enlarged: 666.
num_inconsistent_stats: 0.

CodeHeap 'non-profiled nmethods': size=120000Kb used=1655Kb max_used=1655Kb free=118345Kb
 bounds [0x000001c662130000, 0x000001c6623a0000, 0x000001c669660000]
CodeHeap 'profiled nmethods': size=120000Kb used=7694Kb max_used=7694Kb free=112305Kb
 bounds [0x000001c65ac00000, 0x000001c65b390000, 0x000001c662130000]
CodeHeap 'non-nmethods': size=5760Kb used=1216Kb max_used=1264Kb free=4544Kb
 bounds [0x000001c65a660000, 0x000001c65a8d0000, 0x000001c65ac00000]
 total_blobs=4034 nmethods=3546 adapters=399
 compilation: enabled
              stopped_count=0, restarted_count=0
 full_count=0

Compilation events (20 events):
Event: 1.525 Thread 0x000001c6761a9110 nmethod 3541 0x000001c65b372f90 code [0x000001c65b373820, 0x000001c65b3777f8]
Event: 1.525 Thread 0x000001c6761a9110 3543       3       java.io.WinNTFileSystem::prefixLength (91 bytes)
Event: 1.526 Thread 0x000001c6761a9110 nmethod 3543 0x000001c65b378f10 code [0x000001c65b379220, 0x000001c65b37a658]
Event: 1.526 Thread 0x000001c6761a9110 3544       3       java.io.File::<init> (111 bytes)
Event: 1.527 Thread 0x000001c6761a9110 nmethod 3544 0x000001c65b37ad10 code [0x000001c65b37afc0, 0x000001c65b37ba78]
Event: 1.528 Thread 0x000001c67a562660 nmethod 3540 0x000001c6622cc490 code [0x000001c6622cc680, 0x000001c6622cd060]
Event: 1.528 Thread 0x000001c67a562660 3542       4       java.io.File::isInvalid (47 bytes)
Event: 1.530 Thread 0x000001c67a562660 nmethod 3542 0x000001c6622cd610 code [0x000001c6622cd7a0, 0x000001c6622cda58]
Event: 1.530 Thread 0x000001c67a562660 3545   !   4       org.springframework.beans.factory.support.DefaultSingletonBeanRegistry::getSingleton (147 bytes)
Event: 1.531 Thread 0x000001c6761a9110 3547       3       java.lang.reflect.Field::getAnnotation (23 bytes)
Event: 1.531 Thread 0x000001c6761a9110 nmethod 3547 0x000001c65b37be10 code [0x000001c65b37c020, 0x000001c65b37c6c8]
Event: 1.538 Thread 0x000001c6761a9110 3548       3       org.springframework.orm.jpa.support.PersistenceAnnotationBeanPostProcessor$$Lambda$517/0x0000000800ee2ea8::doWith (17 bytes)
Event: 1.538 Thread 0x000001c6761a9110 nmethod 3548 0x000001c65b37c910 code [0x000001c65b37cac0, 0x000001c65b37cc28]
Event: 1.538 Thread 0x000001c6761a9110 3549       3       org.springframework.orm.jpa.support.PersistenceAnnotationBeanPostProcessor::lambda$buildPersistenceMetadata$1 (120 bytes)
Event: 1.539 Thread 0x000001c6761a9110 nmethod 3549 0x000001c65b37cd10 code [0x000001c65b37d0c0, 0x000001c65b37e898]
Event: 1.539 Thread 0x000001c6761a9110 3551       3       org.springframework.beans.factory.annotation.InitDestroyAnnotationBeanPostProcessor::lambda$buildLifecycleMetadata$1 (201 bytes)
Event: 1.541 Thread 0x000001c6761a9110 nmethod 3551 0x000001c65b37f010 code [0x000001c65b37f480, 0x000001c65b381878]
Event: 1.541 Thread 0x000001c6761a9110 3550       3       org.springframework.beans.factory.annotation.InitDestroyAnnotationBeanPostProcessor$$Lambda$518/0x0000000800ee30b8::doWith (21 bytes)
Event: 1.541 Thread 0x000001c6761a9110 nmethod 3550 0x000001c65b382310 code [0x000001c65b3824c0, 0x000001c65b382628]
Event: 1.541 Thread 0x000001c6761a9110 3553   !   3       org.springframework.util.ReflectionUtils::doWithMethods (186 bytes)

GC Heap History (6 events):
Event: 0.342 GC heap before
{Heap before GC invocations=0 (full 0):
 garbage-first heap   total 260096K, used 22528K [0x0000000703600000, 0x0000000800000000)
  region size 2048K, 11 young (22528K), 0 survivors (0K)
 Metaspace       used 4957K, committed 5120K, reserved 1114112K
  class space    used 555K, committed 640K, reserved 1048576K
}
Event: 0.345 GC heap after
{Heap after GC invocations=1 (full 0):
 garbage-first heap   total 260096K, used 6082K [0x0000000703600000, 0x0000000800000000)
  region size 2048K, 2 young (4096K), 2 survivors (4096K)
 Metaspace       used 4957K, committed 5120K, reserved 1114112K
  class space    used 555K, committed 640K, reserved 1048576K
}
Event: 0.593 GC heap before
{Heap before GC invocations=1 (full 0):
 garbage-first heap   total 260096K, used 30658K [0x0000000703600000, 0x0000000800000000)
  region size 2048K, 14 young (28672K), 2 survivors (4096K)
 Metaspace       used 11281K, committed 11520K, reserved 1114112K
  class space    used 1338K, committed 1472K, reserved 1048576K
}
Event: 0.597 GC heap after
{Heap after GC invocations=2 (full 0):
 garbage-first heap   total 260096K, used 8447K [0x0000000703600000, 0x0000000800000000)
  region size 2048K, 2 young (4096K), 2 survivors (4096K)
 Metaspace       used 11281K, committed 11520K, reserved 1114112K
  class space    used 1338K, committed 1472K, reserved 1048576K
}
Event: 1.295 GC heap before
{Heap before GC invocations=2 (full 0):
 garbage-first heap   total 260096K, used 65791K [0x0000000703600000, 0x0000000800000000)
  region size 2048K, 32 young (65536K), 2 survivors (4096K)
 Metaspace       used 21233K, committed 21504K, reserved 1114112K
  class space    used 2573K, committed 2752K, reserved 1048576K
}
Event: 1.300 GC heap after
{Heap after GC invocations=3 (full 0):
 garbage-first heap   total 260096K, used 13258K [0x0000000703600000, 0x0000000800000000)
  region size 2048K, 4 young (8192K), 4 survivors (8192K)
 Metaspace       used 21233K, committed 21504K, reserved 1114112K
  class space    used 2573K, committed 2752K, reserved 1048576K
}

Deoptimization events (20 events):
Event: 1.484 Thread 0x000001c67abdae70 DEOPT PACKING pc=0x000001c6622c7394 sp=0x0000004623efcf00
Event: 1.484 Thread 0x000001c67abdae70 DEOPT UNPACKING pc=0x000001c65a6b5c23 sp=0x0000004623efce98 mode 2
Event: 1.491 Thread 0x000001c67abdae70 Uncommon trap: trap_request=0xffffff45 fr.pc=0x000001c66221f894 relative=0x0000000000000634
Event: 1.491 Thread 0x000001c67abdae70 Uncommon trap: reason=unstable_if action=reinterpret pc=0x000001c66221f894 method=org.springframework.util.ConcurrentReferenceHashMap$Segment.findInChain(Lorg/springframework/util/ConcurrentReferenceHashMap$Reference;Ljava/lang/Object;I)Lorg/springframewo
Event: 1.491 Thread 0x000001c67abdae70 DEOPT PACKING pc=0x000001c66221f894 sp=0x0000004623efc780
Event: 1.491 Thread 0x000001c67abdae70 DEOPT UNPACKING pc=0x000001c65a6b5c23 sp=0x0000004623efc5b8 mode 2
Event: 1.491 Thread 0x000001c67abdae70 Uncommon trap: trap_request=0xffffff45 fr.pc=0x000001c662255ce4 relative=0x0000000000000224
Event: 1.491 Thread 0x000001c67abdae70 Uncommon trap: reason=unstable_if action=reinterpret pc=0x000001c662255ce4 method=org.springframework.util.ConcurrentReferenceHashMap$Segment.findInChain(Lorg/springframework/util/ConcurrentReferenceHashMap$Reference;Ljava/lang/Object;I)Lorg/springframewo
Event: 1.491 Thread 0x000001c67abdae70 DEOPT PACKING pc=0x000001c662255ce4 sp=0x0000004623efc520
Event: 1.491 Thread 0x000001c67abdae70 DEOPT UNPACKING pc=0x000001c65a6b5c23 sp=0x0000004623efc4c8 mode 2
Event: 1.491 Thread 0x000001c67abdae70 Uncommon trap: trap_request=0xffffff45 fr.pc=0x000001c662222534 relative=0x00000000000005d4
Event: 1.491 Thread 0x000001c67abdae70 Uncommon trap: reason=unstable_if action=reinterpret pc=0x000001c662222534 method=org.springframework.util.ConcurrentReferenceHashMap$Segment.findInChain(Lorg/springframework/util/ConcurrentReferenceHashMap$Reference;Ljava/lang/Object;I)Lorg/springframewo
Event: 1.491 Thread 0x000001c67abdae70 DEOPT PACKING pc=0x000001c662222534 sp=0x0000004623efc6e0
Event: 1.491 Thread 0x000001c67abdae70 DEOPT UNPACKING pc=0x000001c65a6b5c23 sp=0x0000004623efc5a8 mode 2
Event: 1.521 Thread 0x000001c67abdae70 DEOPT PACKING pc=0x000001c65afd75c1 sp=0x0000004623efcc00
Event: 1.521 Thread 0x000001c67abdae70 DEOPT UNPACKING pc=0x000001c65a6b6763 sp=0x0000004623efc0b8 mode 0
Event: 1.524 Thread 0x000001c67abdae70 Uncommon trap: trap_request=0xffffff45 fr.pc=0x000001c66227aefc relative=0x00000000000002bc
Event: 1.524 Thread 0x000001c67abdae70 Uncommon trap: reason=unstable_if action=reinterpret pc=0x000001c66227aefc method=java.io.WinNTFileSystem.prefixLength(Ljava/lang/String;)I @ 42 c2
Event: 1.524 Thread 0x000001c67abdae70 DEOPT PACKING pc=0x000001c66227aefc sp=0x0000004623efd940
Event: 1.524 Thread 0x000001c67abdae70 DEOPT UNPACKING pc=0x000001c65a6b5c23 sp=0x0000004623efd8c8 mode 2

Classes loaded (20 events):
Event: 1.470 Loading class java/lang/Class$EnclosingMethodInfo
Event: 1.471 Loading class java/lang/Class$EnclosingMethodInfo done
Event: 1.471 Loading class java/lang/reflect/AnnotatedType
Event: 1.471 Loading class java/lang/reflect/AnnotatedType done
Event: 1.493 Loading class java/io/ObjectInputStream
Event: 1.494 Loading class java/io/ObjectInput
Event: 1.494 Loading class java/io/ObjectInput done
Event: 1.494 Loading class java/io/ObjectStreamConstants
Event: 1.494 Loading class java/io/ObjectStreamConstants done
Event: 1.494 Loading class java/io/ObjectInputStream done
Event: 1.494 Loading class java/io/ObjectOutputStream
Event: 1.494 Loading class java/io/ObjectOutput
Event: 1.494 Loading class java/io/ObjectOutput done
Event: 1.494 Loading class java/io/ObjectOutputStream done
Event: 1.511 Loading class java/text/MessageFormat
Event: 1.511 Loading class java/text/MessageFormat done
Event: 1.520 Loading class java/nio/file/InvalidPathException
Event: 1.520 Loading class java/nio/file/InvalidPathException done
Event: 1.520 Loading class java/lang/UnsatisfiedLinkError
Event: 1.520 Loading class java/lang/UnsatisfiedLinkError done

Classes unloaded (0 events):
No events

Classes redefined (0 events):
No events

Internal exceptions (20 events):
Event: 1.380 Thread 0x000001c67abdae70 Exception <a 'java/lang/NoSuchMethodError'{0x0000000705eee7e0}: 'java.lang.Object java.lang.invoke.DirectMethodHandle$Holder.invokeSpecial(java.lang.Object, java.lang.Object, java.lang.Object, java.lang.Object, java.lang.Object, java.lang.Object, java.lang.Object, java.lang.Object, java.lang.Object, java.lang.Object)'> (0x0000000705eee7e0) 
thrown [s\open\src\hotspot\share\interpreter\linkResolver.cpp, line 759]
Event: 1.380 Thread 0x000001c67abdae70 Exception <a 'java/lang/NoSuchMethodError'{0x0000000705ef2dc8}: 'java.lang.Object java.lang.invoke.Invokers$Holder.invoke_MT(java.lang.Object, java.lang.Object, java.lang.Object, java.lang.Object, java.lang.Object, java.lang.Object, java.lang.Object, java.lang.Object, java.lang.Object, java.lang.Object)'> (0x0000000705ef2dc8) 
thrown [s\open\src\hotspot\share\interpreter\linkResolver.cpp, line 759]
Event: 1.384 Thread 0x000001c67abdae70 Exception <a 'java/lang/NoSuchMethodError'{0x0000000705f315a0}: 'java.lang.Object java.lang.invoke.DirectMethodHandle$Holder.invokeSpecial(java.lang.Object, java.lang.Object, int, java.lang.Object, java.lang.Object)'> (0x0000000705f315a0) 
thrown [s\open\src\hotspot\share\interpreter\linkResolver.cpp, line 759]
Event: 1.384 Thread 0x000001c67abdae70 Exception <a 'java/lang/NoSuchMethodError'{0x0000000705f35248}: 'java.lang.Object java.lang.invoke.DelegatingMethodHandle$Holder.delegate(java.lang.Object, int, java.lang.Object, java.lang.Object)'> (0x0000000705f35248) 
thrown [s\open\src\hotspot\share\interpreter\linkResolver.cpp, line 759]
Event: 1.385 Thread 0x000001c67abdae70 Exception <a 'java/lang/NoSuchMethodError'{0x0000000705f456c8}: 'int java.lang.invoke.Invokers$Holder.linkToTargetMethod(java.lang.Object, java.lang.Object, java.lang.Object)'> (0x0000000705f456c8) 
thrown [s\open\src\hotspot\share\interpreter\linkResolver.cpp, line 759]
Event: 1.404 Thread 0x000001c67abdae70 Exception <a 'java/lang/NoSuchMethodError'{0x0000000705c6ebb8}: 'void java.lang.invoke.Invokers$Holder.invokeExact_MT(java.lang.Object, java.lang.Object, java.lang.Object)'> (0x0000000705c6ebb8) 
thrown [s\open\src\hotspot\share\interpreter\linkResolver.cpp, line 759]
Event: 1.413 Thread 0x000001c67abdae70 Exception <a 'java/lang/NoClassDefFoundError'{0x0000000705cefae0}: org/flywaydb/core/Flyway> (0x0000000705cefae0) 
thrown [s\open\src\hotspot\share\classfile\systemDictionary.cpp, line 244]
Event: 1.413 Thread 0x000001c67abdae70 Exception <a 'java/lang/NoClassDefFoundError'{0x0000000705cf0bc0}: liquibase/integration/spring/SpringLiquibase> (0x0000000705cf0bc0) 
thrown [s\open\src\hotspot\share\classfile\systemDictionary.cpp, line 244]
Event: 1.433 Thread 0x000001c67abdae70 Exception <a 'java/lang/NoClassDefFoundError'{0x0000000705b0f0c0}: org/jooq/DSLContext> (0x0000000705b0f0c0) 
thrown [s\open\src\hotspot\share\classfile\systemDictionary.cpp, line 244]
Event: 1.434 Thread 0x000001c67abdae70 Exception <a 'java/lang/NoClassDefFoundError'{0x0000000705b1e530}: org/springframework/batch/core/repository/JobRepository> (0x0000000705b1e530) 
thrown [s\open\src\hotspot\share\classfile\systemDictionary.cpp, line 244]
Event: 1.434 Thread 0x000001c67abdae70 Exception <a 'java/lang/NoClassDefFoundError'{0x0000000705b1f3c8}: org/quartz/Scheduler> (0x0000000705b1f3c8) 
thrown [s\open\src\hotspot\share\classfile\systemDictionary.cpp, line 244]
Event: 1.434 Thread 0x000001c67abdae70 Exception <a 'java/lang/NoClassDefFoundError'{0x0000000705b20608}: org/springframework/session/jdbc/JdbcIndexedSessionRepository> (0x0000000705b20608) 
thrown [s\open\src\hotspot\share\classfile\systemDictionary.cpp, line 244]
Event: 1.453 Thread 0x000001c67abdae70 Exception <a 'java/lang/NoSuchMethodError'{0x000000070584f9e0}: 'void java.lang.invoke.DirectMethodHandle$Holder.invokeSpecial(java.lang.Object, java.lang.Object, java.lang.Object, java.lang.Object, java.lang.Object, java.lang.Object)'> (0x000000070584f9e0) 
thrown [s\open\src\hotspot\share\interpreter\linkResolver.cpp, line 759]
Event: 1.455 Thread 0x000001c67abdae70 Exception <a 'java/lang/NoSuchMethodError'{0x000000070588fb78}: 'void java.lang.invoke.DirectMethodHandle$Holder.invokeVirtual(java.lang.Object, java.lang.Object, int)'> (0x000000070588fb78) 
thrown [s\open\src\hotspot\share\interpreter\linkResolver.cpp, line 759]
Event: 1.456 Thread 0x000001c67abdae70 Exception <a 'java/lang/NoSuchMethodError'{0x0000000705893ce8}: 'int java.lang.invoke.DirectMethodHandle$Holder.invokeSpecial(java.lang.Object, java.lang.Object, java.lang.Object, int)'> (0x0000000705893ce8) 
thrown [s\open\src\hotspot\share\interpreter\linkResolver.cpp, line 759]
Event: 1.457 Thread 0x000001c67abdae70 Exception <a 'java/lang/NoSuchMethodError'{0x00000007058a5d40}: 'java.lang.Object java.lang.invoke.DirectMethodHandle$Holder.invokeStatic(java.lang.Object, java.lang.Object, java.lang.Object, java.lang.Object, int)'> (0x00000007058a5d40) 
thrown [s\open\src\hotspot\share\interpreter\linkResolver.cpp, line 759]
Event: 1.457 Thread 0x000001c67abdae70 Exception <a 'java/lang/NoSuchMethodError'{0x00000007058b0c50}: 'void java.lang.invoke.DelegatingMethodHandle$Holder.reinvoke_L(java.lang.Object, java.lang.Object, int)'> (0x00000007058b0c50) 
thrown [s\open\src\hotspot\share\interpreter\linkResolver.cpp, line 759]
Event: 1.484 Thread 0x000001c67abdae70 Implicit null exception at 0x000001c6622c72cc to 0x000001c6622c7385
Event: 1.508 Thread 0x000001c67abdae70 Exception <a 'java/lang/NoSuchMethodError'{0x00000007057b5788}: 'java.lang.Object java.lang.invoke.DirectMethodHandle$Holder.invokeSpecialIFC(java.lang.Object, java.lang.Object, java.lang.Object)'> (0x00000007057b5788) 
thrown [s\open\src\hotspot\share\interpreter\linkResolver.cpp, line 759]
Event: 1.514 Thread 0x000001c67abdae70 Exception <a 'java/lang/NoSuchMethodError'{0x00000007054072f0}: 'java.lang.Object java.lang.invoke.DirectMethodHandle$Holder.invokeVirtual(java.lang.Object, java.lang.Object, java.lang.Object, java.lang.Object, java.lang.Object)'> (0x00000007054072f0) 
thrown [s\open\src\hotspot\share\interpreter\linkResolver.cpp, line 759]

VM Operations (20 events):
Event: 1.295 Executing VM operation: CollectForMetadataAllocation
Event: 1.300 Executing VM operation: CollectForMetadataAllocation done
Event: 1.304 Executing VM operation: G1Concurrent
Event: 1.305 Executing VM operation: G1Concurrent done
Event: 1.305 Executing VM operation: G1Concurrent
Event: 1.305 Executing VM operation: G1Concurrent done
Event: 1.362 Executing VM operation: HandshakeAllThreads
Event: 1.362 Executing VM operation: HandshakeAllThreads done
Event: 1.375 Executing VM operation: HandshakeAllThreads
Event: 1.375 Executing VM operation: HandshakeAllThreads done
Event: 1.375 Executing VM operation: HandshakeAllThreads
Event: 1.375 Executing VM operation: HandshakeAllThreads done
Event: 1.462 Executing VM operation: HandshakeAllThreads
Event: 1.462 Executing VM operation: HandshakeAllThreads done
Event: 1.473 Executing VM operation: HandshakeAllThreads
Event: 1.473 Executing VM operation: HandshakeAllThreads done
Event: 1.474 Executing VM operation: HandshakeAllThreads
Event: 1.474 Executing VM operation: HandshakeAllThreads done
Event: 1.488 Executing VM operation: ICBufferFull
Event: 1.488 Executing VM operation: ICBufferFull done

Events (20 events):
Event: 0.021 Thread 0x000001c6761a7ae0 Thread added: 0x000001c6761a7ae0
Event: 0.022 Thread 0x000001c6761a9110 Thread added: 0x000001c6761a9110
Event: 0.022 Thread 0x000001c6761aaa00 Thread added: 0x000001c6761aaa00
Event: 0.053 Thread 0x000001c67a4edb30 Thread added: 0x000001c67a4edb30
Event: 0.056 Thread 0x000001c67a4f8e70 Thread added: 0x000001c67a4f8e70
Event: 0.059 Loaded shared library C:\Program Files\Java\jdk-18.0.2.1\bin\net.dll
Event: 0.061 Loaded shared library C:\Program Files\Java\jdk-18.0.2.1\bin\nio.dll
Event: 0.062 Loaded shared library C:\Program Files\Java\jdk-18.0.2.1\bin\zip.dll
Event: 0.073 Thread 0x000001c67a562660 Thread added: 0x000001c67a562660
Event: 0.124 Loaded shared library C:\Program Files\Java\jdk-18.0.2.1\bin\jimage.dll
Event: 0.282 Loaded shared library C:\Program Files\Java\jdk-18.0.2.1\bin\management.dll
Event: 0.284 Loaded shared library C:\Program Files\Java\jdk-18.0.2.1\bin\management_ext.dll
Event: 0.309 Thread 0x000001c67afef3a0 Thread added: 0x000001c67afef3a0
Event: 0.311 Thread 0x000001c67abdae70 Thread added: 0x000001c67abdae70
Event: 0.518 Thread 0x000001c67b276250 Thread added: 0x000001c67b276250
Event: 0.721 Thread 0x000001c67b849390 Thread added: 0x000001c67b849390
Event: 0.727 Loaded shared library C:\Program Files\Java\jdk-18.0.2.1\bin\sunmscapi.dll
Event: 0.736 Thread 0x000001c67b276250 Thread exited: 0x000001c67b276250
Event: 0.769 Thread 0x000001c67b6e4ec0 Thread added: 0x000001c67b6e4ec0
Event: 0.805 Thread 0x000001c67b6e4ec0 Thread exited: 0x000001c67b6e4ec0


Dynamic libraries:
0x00007ff649690000 - 0x00007ff6496a0000 	C:\Program Files\Java\jdk-18.0.2.1\bin\javaw.exe
0x00007ff835e90000 - 0x00007ff8360a7000 	C:\Windows\SYSTEM32\ntdll.dll
0x00007ff834230000 - 0x00007ff8342f4000 	C:\Windows\System32\KERNEL32.DLL
0x00007ff833490000 - 0x00007ff833836000 	C:\Windows\System32\KERNELBASE.dll
0x00007ff833370000 - 0x00007ff833481000 	C:\Windows\System32\ucrtbase.dll
0x00007ff82f620000 - 0x00007ff82f638000 	C:\Program Files\Java\jdk-18.0.2.1\bin\jli.dll
0x00007ff82f600000 - 0x00007ff82f61a000 	C:\Program Files\Java\jdk-18.0.2.1\bin\VCRUNTIME140.dll
0x00007ff835100000 - 0x00007ff8351b3000 	C:\Windows\System32\ADVAPI32.dll
0x00007ff835da0000 - 0x00007ff835e47000 	C:\Windows\System32\msvcrt.dll
0x00007ff834fd0000 - 0x00007ff835078000 	C:\Windows\System32\sechost.dll
0x00007ff8331d0000 - 0x00007ff8331f8000 	C:\Windows\System32\bcrypt.dll
0x00007ff8353e0000 - 0x00007ff8354f7000 	C:\Windows\System32\RPCRT4.dll
0x00007ff835230000 - 0x00007ff8353de000 	C:\Windows\System32\USER32.dll
0x00007ff8339d0000 - 0x00007ff8339f6000 	C:\Windows\System32\win32u.dll
0x00007ff833d80000 - 0x00007ff833da9000 	C:\Windows\System32\GDI32.dll
0x00007ff832560000 - 0x00007ff8327f3000 	C:\Windows\WinSxS\amd64_microsoft.windows.common-controls_6595b64144ccf1df_6.0.22621.2506_none_270c5ae97388e100\COMCTL32.dll
0x00007ff833a00000 - 0x00007ff833b18000 	C:\Windows\System32\gdi32full.dll
0x00007ff8338c0000 - 0x00007ff83395a000 	C:\Windows\System32\msvcp_win.dll
0x00007ff82b980000 - 0x00007ff82b98a000 	C:\Windows\SYSTEM32\VERSION.dll
0x00007ff835d60000 - 0x00007ff835d91000 	C:\Windows\System32\IMM32.DLL
0x00007ff82f0b0000 - 0x00007ff82f0bc000 	C:\Program Files\Java\jdk-18.0.2.1\bin\vcruntime140_1.dll
0x00007ff81a640000 - 0x00007ff81a6cd000 	C:\Program Files\Java\jdk-18.0.2.1\bin\msvcp140.dll
0x00007fffd6b50000 - 0x00007fffd7761000 	C:\Program Files\Java\jdk-18.0.2.1\bin\server\jvm.dll
0x00007ff834140000 - 0x00007ff834148000 	C:\Windows\System32\PSAPI.DLL
0x00007ff8298c0000 - 0x00007ff8298f4000 	C:\Windows\SYSTEM32\WINMM.dll
0x00007ff829900000 - 0x00007ff829909000 	C:\Windows\SYSTEM32\WSOCK32.dll
0x00007ff8348c0000 - 0x00007ff834931000 	C:\Windows\System32\WS2_32.dll
0x00007ff8319d0000 - 0x00007ff8319e8000 	C:\Windows\SYSTEM32\kernel.appcore.dll
0x00007ff8198f0000 - 0x00007ff8198fa000 	C:\Program Files\Java\jdk-18.0.2.1\bin\jimage.dll
0x00007ff832b50000 - 0x00007ff832d83000 	C:\Windows\SYSTEM32\DBGHELP.DLL
0x00007ff833db0000 - 0x00007ff834139000 	C:\Windows\System32\combase.dll
0x00007ff834150000 - 0x00007ff834227000 	C:\Windows\System32\OLEAUT32.dll
0x00007ff8329e0000 - 0x00007ff832a12000 	C:\Windows\SYSTEM32\dbgcore.DLL
0x00007ff833840000 - 0x00007ff8338ba000 	C:\Windows\System32\bcryptPrimitives.dll
0x00007ff80dee0000 - 0x00007ff80df05000 	C:\Program Files\Java\jdk-18.0.2.1\bin\java.dll
0x00007fffded90000 - 0x00007fffdee66000 	C:\Program Files\Java\jdk-18.0.2.1\bin\jsvml.dll
0x00007ff835500000 - 0x00007ff835d5b000 	C:\Windows\System32\SHELL32.dll
0x00007ff8306d0000 - 0x00007ff830fc6000 	C:\Windows\SYSTEM32\windows.storage.dll
0x00007ff8303f0000 - 0x00007ff83052e000 	C:\Windows\SYSTEM32\wintypes.dll
0x00007ff833c80000 - 0x00007ff833d73000 	C:\Windows\System32\SHCORE.dll
0x00007ff8351c0000 - 0x00007ff83521e000 	C:\Windows\System32\shlwapi.dll
0x00007ff833100000 - 0x00007ff833126000 	C:\Windows\SYSTEM32\profapi.dll
0x00007ff814a20000 - 0x00007ff814a33000 	C:\Program Files\Java\jdk-18.0.2.1\bin\net.dll
0x00007ff82c450000 - 0x00007ff82c587000 	C:\Windows\SYSTEM32\WINHTTP.dll
0x00007ff831e10000 - 0x00007ff831e79000 	C:\Windows\system32\mswsock.dll
0x00007ff8148d0000 - 0x00007ff8148e6000 	C:\Program Files\Java\jdk-18.0.2.1\bin\nio.dll
0x00007ff814850000 - 0x00007ff814868000 	C:\Program Files\Java\jdk-18.0.2.1\bin\zip.dll
0x00007ff82f0a0000 - 0x00007ff82f0a9000 	C:\Program Files\Java\jdk-18.0.2.1\bin\management.dll
0x00007ff82f010000 - 0x00007ff82f01b000 	C:\Program Files\Java\jdk-18.0.2.1\bin\management_ext.dll
0x00007ff818260000 - 0x00007ff81826e000 	C:\Program Files\Java\jdk-18.0.2.1\bin\sunmscapi.dll
0x00007ff833200000 - 0x00007ff833366000 	C:\Windows\System32\CRYPT32.dll
0x00007ff832350000 - 0x00007ff83237e000 	C:\Windows\SYSTEM32\ncrypt.dll
0x00007ff832270000 - 0x00007ff8322a7000 	C:\Windows\SYSTEM32\NTASN1.dll

dbghelp: loaded successfully - version: 4.0.5 - missing functions: none
symbol engine: initialized successfully - sym options: 0x614 - pdb path: .;C:\Program Files\Java\jdk-18.0.2.1\bin;C:\Windows\SYSTEM32;C:\Windows\WinSxS\amd64_microsoft.windows.common-controls_6595b64144ccf1df_6.0.22621.2506_none_270c5ae97388e100;C:\Program Files\Java\jdk-18.0.2.1\bin\server

VM Arguments:
jvm_args: -Dfile.encoding=UTF-8 -Dstdout.encoding=UTF-8 -Dstderr.encoding=UTF-8 -XX:+ShowCodeDetailsInExceptionMessages 
java_command: com.cdac.oralcaremanagement.OralCareManagementApplication
java_class_path (initial): D:\FinalProject\updatedbackend\updatedbackend\OralCareManagement\target\classes;C:\Users\patwa\.m2\repository\org\springframework\boot\spring-boot-starter-data-jpa\3.2.2\spring-boot-starter-data-jpa-3.2.2.jar;C:\Users\patwa\.m2\repository\org\springframework\boot\spring-boot-starter-aop\3.2.2\spring-boot-starter-aop-3.2.2.jar;C:\Users\patwa\.m2\repository\org\aspectj\aspectjweaver\1.9.21\aspectjweaver-1.9.21.jar;C:\Users\patwa\.m2\repository\org\springframework\boot\spring-boot-starter-jdbc\3.2.2\spring-boot-starter-jdbc-3.2.2.jar;C:\Users\patwa\.m2\repository\com\zaxxer\HikariCP\5.0.1\HikariCP-5.0.1.jar;C:\Users\patwa\.m2\repository\org\springframework\spring-jdbc\6.1.3\spring-jdbc-6.1.3.jar;C:\Users\patwa\.m2\repository\org\hibernate\orm\hibernate-core\6.4.1.Final\hibernate-core-6.4.1.Final.jar;C:\Users\patwa\.m2\repository\jakarta\persistence\jakarta.persistence-api\3.1.0\jakarta.persistence-api-3.1.0.jar;C:\Users\patwa\.m2\repository\jakarta\transaction\jakarta.transaction-api\2.0.1\jakarta.transaction-api-2.0.1.jar;C:\Users\patwa\.m2\repository\org\jboss\logging\jboss-logging\3.5.3.Final\jboss-logging-3.5.3.Final.jar;C:\Users\patwa\.m2\repository\org\hibernate\common\hibernate-commons-annotations\6.0.6.Final\hibernate-commons-annotations-6.0.6.Final.jar;C:\Users\patwa\.m2\repository\io\smallrye\jandex\3.1.2\jandex-3.1.2.jar;C:\Users\patwa\.m2\repository\com\fasterxml\classmate\1.6.0\classmate-1.6.0.jar;C:\Users\patwa\.m2\repository\net\bytebuddy\byte-buddy\1.14.11\byte-buddy-1.14.11.jar;C:\Users\patwa\.m2\repository\org\glassfish\jaxb\jaxb-runtime\4.0.4\jaxb-runtime-4.0.4.jar;C:\Users\patwa\.m2\repository\org\glassfish\jaxb\jaxb-core\4.0.4\jaxb-core-4.0.4.jar;C:\Users\patwa\.m2\repository\org\eclipse\angus\angus-activation\2.0.1\angus-activation-2.0.1.jar;C:\Users\patwa\.m2\repository\org\glassfish\jaxb\txw2\4.0.4\txw2-4.0.4.jar;C:\Users\patwa\.m2\repository\com\sun\istack\istack-commons-runtime\4.1.2\istack-commons-runtime-4.1.2.jar;C:\Users\patwa\.m2\repository\jakarta\inject\jakarta.inject-api\2.0.1\jakarta.inject-api-2.0.1.jar;C:\Users\patwa\.m2\repository\org\antlr\antlr4-runtime\4.13.0\antlr4-runtime-4.13.0.jar;C:\Users\patwa\.m2\repository\org\springframework\data\spring-data-jpa\3.2.2\spring-data-jpa-3.2.2.jar;C:\Users\patwa\.m2\repository\org\springframework\data\spring-data-commons\3.2.2\spring-data-commons-3.2.2.jar;C:\Users\patwa\.m2\repository\org\springframework\spring-orm\6.1.3\spring-orm-6.1.3.jar;C:\Users\patwa\.m2\repository\org\springframework\spring-tx\6.1.3\spring-tx-6.1.3.jar;C:\Users\patwa\.m2\repository\jakarta\annotation\jakarta.annotation-api\2.1.1\jakarta.annotation-api-2.1.1.jar;C:\Users\patwa\.m2\repository\org\slf4j\slf4j-api\2.0.11\slf4j-api-2.0.11.jar;C:\Users\patwa\.m2\repository\org\springframework\spring-aspects\6.1.3\spring-aspects-6.1.3.jar;C:\Users\patwa\.m2\repository\org\springframework\boot\spring-boot-starter-web\3.2.2\spring-boot-starter-web-3.2.2.jar;C:\Users\patwa\.m2\repository\org\springframework\boot\spring-boot-starter\3.2.2\spring-boot-starter-3.2.2.jar;C:\Users\patwa\.m2\repository\org\springframework\boot\spring-boot-starter-logging\3.2.2\spring-boot-starter-logging-3.2.2.jar;C:\Users\patwa\.m2\repository\ch\qos\logback\logback-classic\1.4.14\logback-classic-1.4.14.jar;C:\Users\patwa\.m2\repository\ch\qos\logback\logback-core\1.4.14\logback-core-1.4.14.jar;C:\Users\patwa\.m2\repository\org\apache\logging\log4j\log4j-to-slf4j\2.21.1\log4j-to-slf4j-2.21.1.jar;C:\Users\patwa\.m2\repository\org\apache\logging\log4j\log4j-api\2.21.1\log4j-api-2.21.1.jar;C:\Users\patwa\.m2\repository\org\slf4j\jul-to-slf4j\2.0.11\jul-to-slf4j-2.0.11.jar;C:\Users\patwa\.m2\repository\org\yaml\snakeyaml\2.2\snakeyaml-2.2.jar;C:\Users\patwa\.m2\repository\org\springframework\boot\spring-boot-starter-json\3.2.2\spring-boot-starter-json-3.2.2.jar;C:\Users\patwa\.m2\repository\com\fasterxml\jackson\core\jackson-databind\2.15.3\jackson-databind-2.15.3.jar;C:\Users\patwa\.m2\repository\com\fasterxml\jackson\core\jackson-annotations\2.15.3\jackson-annotations-2.15.3.jar;C:\Users\patwa\.m2\repository\com\fasterxml\jackson\core\jackson-core\2.15.3\jackson-core-2.15.3.jar;C:\Users\patwa\.m2\repository\com\fasterxml\jackson\datatype\jackson-datatype-jdk8\2.15.3\jackson-datatype-jdk8-2.15.3.jar;C:\Users\patwa\.m2\repository\com\fasterxml\jackson\datatype\jackson-datatype-jsr310\2.15.3\jackson-datatype-jsr310-2.15.3.jar;C:\Users\patwa\.m2\repository\com\fasterxml\jackson\module\jackson-module-parameter-names\2.15.3\jackson-module-parameter-names-2.15.3.jar;C:\Users\patwa\.m2\repository\org\springframework\boot\spring-boot-starter-tomcat\3.2.2\spring-boot-starter-tomcat-3.2.2.jar;C:\Users\patwa\.m2\repository\org\apache\tomcat\embed\tomcat-embed-core\10.1.18\tomcat-embed-core-10.1.18.jar;C:\Users\patwa\.m2\repository\org\apache\tomcat\embed\tomcat-embed-el\10.1.18\tomcat-embed-el-10.1.18.jar;C:\Users\patwa\.m2\repository\org\apache\tomcat\embed\tomcat-embed-websocket\10.1.18\tomcat-embed-websocket-10.1.18.jar;C:\Users\patwa\.m2\repository\org\springframework\spring-web\6.1.3\spring-web-6.1.3.jar;C:\Users\patwa\.m2\repository\org\springframework\spring-webmvc\6.1.3\spring-webmvc-6.1.3.jar;C:\Users\patwa\.m2\repository\org\springframework\boot\spring-boot-devtools\3.2.2\spring-boot-devtools-3.2.2.jar;C:\Users\patwa\.m2\repository\org\springframework\boot\spring-boot\3.2.2\spring-boot-3.2.2.jar;C:\Users\patwa\.m2\repository\org\springframework\boot\spring-boot-autoconfigure\3.2.2\spring-boot-autoconfigure-3.2.2.jar;C:\Users\patwa\.m2\repository\com\mysql\mysql-connector-j\8.3.0\mysql-connector-j-8.3.0.jar;C:\Users\patwa\.m2\repository\jakarta\xml\bind\jakarta.xml.bind-api\4.0.1\jakarta.xml.bind-api-4.0.1.jar;C:\Users\patwa\.m2\repository\jakarta\activation\jakarta.activation-api\2.1.2\jakarta.activation-api-2.1.2.jar;C:\Users\patwa\.m2\repository\org\springframework\spring-core\6.1.3\spring-core-6.1.3.jar;C:\Users\patwa\.m2\repository\org\springframework\spring-jcl\6.1.3\spring-jcl-6.1.3.jar;C:\Users\patwa\.m2\repository\org\springframework\security\spring-security-web\6.2.1\spring-security-web-6.2.1.jar;C:\Users\patwa\.m2\repository\org\springframework\boot\spring-boot-starter-security\3.2.1\spring-boot-starter-security-3.2.1.jar;C:\Users\patwa\.m2\repository\org\springframework\spring-aop\6.1.3\spring-aop-6.1.3.jar;C:\Users\patwa\.m2\repository\org\springframework\security\spring-security-config\6.2.1\spring-security-config-6.2.1.jar;C:\Users\patwa\.m2\repository\org\springframework\security\spring-security-core\6.2.1\spring-security-core-6.2.1.jar;C:\Users\patwa\.m2\repository\org\springframework\security\spring-security-crypto\6.2.1\spring-security-crypto-6.2.1.jar;C:\Users\patwa\.m2\repository\org\springframework\spring-beans\6.1.3\spring-beans-6.1.3.jar;C:\Users\patwa\.m2\repository\org\springframework\spring-context\6.1.3\spring-context-6.1.3.jar;C:\Users\patwa\.m2\repository\org\springframework\spring-expression\6.1.3\spring-expression-6.1.3.jar;C:\Users\patwa\.m2\repository\io\micrometer\micrometer-observation\1.12.2\micrometer-observation-1.12.2.jar;C:\Users\patwa\.m2\repository\io\micrometer\micrometer-commons\1.12.2\micrometer-commons-1.12.2.jar
Launcher Type: SUN_STANDARD

[Global flags]
     intx CICompilerCount                          = 4                                         {product} {ergonomic}
     uint ConcGCThreads                            = 2                                         {product} {ergonomic}
     uint G1ConcRefinementThreads                  = 8                                         {product} {ergonomic}
   size_t G1HeapRegionSize                         = 2097152                                   {product} {ergonomic}
    uintx GCDrainStackTargetSize                   = 64                                        {product} {ergonomic}
   size_t InitialHeapSize                          = 266338304                                 {product} {ergonomic}
   size_t MarkStackSize                            = 4194304                                   {product} {ergonomic}
   size_t MaxHeapSize                              = 4238344192                                {product} {ergonomic}
   size_t MaxNewSize                               = 2541748224                                {product} {ergonomic}
   size_t MinHeapDeltaBytes                        = 2097152                                   {product} {ergonomic}
   size_t MinHeapSize                              = 8388608                                   {product} {ergonomic}
    uintx NonNMethodCodeHeapSize                   = 5839372                                {pd product} {ergonomic}
    uintx NonProfiledCodeHeapSize                  = 122909434                              {pd product} {ergonomic}
    uintx ProfiledCodeHeapSize                     = 122909434                              {pd product} {ergonomic}
    uintx ReservedCodeCacheSize                    = 251658240                              {pd product} {ergonomic}
     bool SegmentedCodeCache                       = true                                      {product} {ergonomic}
     bool ShowCodeDetailsInExceptionMessages       = true                                   {manageable} {command line}
   size_t SoftMaxHeapSize                          = 4238344192                             {manageable} {ergonomic}
     bool UseCompressedClassPointers               = true                           {product lp64_product} {ergonomic}
     bool UseCompressedOops                        = true                           {product lp64_product} {ergonomic}
     bool UseG1GC                                  = true                                      {product} {ergonomic}
     bool UseLargePagesIndividualAllocation        = false                                  {pd product} {ergonomic}

Logging:
Log output configuration:
 #0: stdout all=warning uptime,level,tags foldmultilines=false
 #1: stderr all=off uptime,level,tags foldmultilines=false

Environment Variables:
PATH=C:/Program Files/Java/jdk-18.0.2.1/bin/server;C:/Program Files/Java/jdk-18.0.2.1/bin;C:\Program Files\Common Files\Oracle\Java\javapath;C:\Windows\system32;C:\Windows;C:\Windows\System32\Wbem;C:\Windows\System32\WindowsPowerShell\v1.0\;C:\Windows\System32\OpenSSH\;C:\Program Files\Java\jdk-18.0.2.1\bin;C:\Program Files\Microsoft SQL Server\150\Tools\Binn\;C:\Program Files\Microsoft SQL Server\Client SDK\ODBC\170\Tools\Binn\;C:\Program Files\dotnet\;C:\Program Files\nodejs\;C:\Program Files (x86)\Microsoft SQL Server\160\Tools\Binn\;C:\Program Files\Microsoft SQL Server\160\Tools\Binn\;C:\Program Files\Microsoft SQL Server\160\DTS\Binn\;C:\Program Files\Git\cmd;C:\Users\patwa\.console-ninja\.bin;C:\Users\patwa\AppData\Local\Microsoft\WindowsApps;C:\Users\patwa\.dotnet\tools;C:\Users\patwa\AppData\Local\Programs\Microsoft VS Code\bin;C:\Users\patwa\AppData\Roaming\npm;C:\Users\patwa\AppData\Local\GitHubDesktop\bin;C:\Users\patwa\OneDrive\Desktop;
USERNAME=Omee
OS=Windows_NT
PROCESSOR_IDENTIFIER=Intel64 Family 6 Model 140 Stepping 2, GenuineIntel



---------------  S Y S T E M  ---------------

OS:
 Windows 11 , 64 bit Build 22621 (10.0.22621.3085)
OS uptime: 0 days 4:22 hours
Hyper-V role detected

CPU: total 8 (initial active 8) (4 cores per cpu, 2 threads per core) family 6 model 140 stepping 2 microcode 0x2a, cx8, cmov, fxsr, ht, mmx, 3dnowpref, sse, sse2, sse3, ssse3, sse4.1, sse4.2, popcnt, lzcnt, tsc, tscinvbit, avx, avx2, aes, erms, clmul, bmi1, bmi2, adx, avx512f, avx512dq, avx512cd, avx512bw, avx512vl, sha, fma, vzeroupper, avx512_vpopcntdq, avx512_vpclmulqdq, avx512_vaes, avx512_vnni, clflush, clflushopt, clwb, avx512_vbmi2, avx512_vbmi, hv

Memory: 4k page, system-wide physical 16166M (6368M free)
TotalPageFile size 18598M (AvailPageFile size 4702M)
current process WorkingSet (physical memory assigned to process): 137M, peak: 175M
current process commit charge ("private bytes"): 202M, peak: 405M

vm_info: Java HotSpot(TM) 64-Bit Server VM (18.0.2.1+1-1) for windows-amd64 JRE (18.0.2.1+1-1), built on Aug 16 2022 01:46:33 by "mach5one" with MS VC++ 16.8 / 16.9 (VS2019)

END.
